[2025-09-13 21:02:31] [INFO] Usuario: WilliamsWick | IP: ::1 | INICIO_ACTUALIZACION | Piso 1: Procesando 3 coordenadas
[2025-09-13 21:02:31] [ERROR] Usuario: WilliamsWick | IP: ::1 | ACTUALIZACION_FALLIDA | Piso 1: Sin actualizaciones. Errores: 1
[2025-09-13 21:02:51] [INFO] Usuario: WilliamsWick | IP: ::1 | INICIO_ACTUALIZACION | Piso 1: Procesando 3 coordenadas
[2025-09-13 21:02:51] [ERROR] Usuario: WilliamsWick | IP: ::1 | ACTUALIZACION_FALLIDA | Piso 1: Sin actualizaciones. Errores: 1
[2025-09-13 21:08:33] [INFO] Usuario: WilliamsWick | IP: ::1 | CARGA_PISO | Solicitando equipos del piso 2
[2025-09-13 21:08:33] [INFO] Usuario: WilliamsWick | IP: ::1 | CARGA_PISO_EXITOSA | Piso 2: 0 equipos cargados. Conectados: 0, Desconectados: 0
[2025-09-13 21:08:38] [INFO] Usuario: WilliamsWick | IP: ::1 | CARGA_PISO | Solicitando equipos del piso 3
[2025-09-13 21:08:39] [INFO] Usuario: WilliamsWick | IP: ::1 | CARGA_PISO_EXITOSA | Piso 3: 0 equipos cargados. Conectados: 0, Desconectados: 0
[2025-09-13 21:08:40] [INFO] Usuario: WilliamsWick | IP: ::1 | CARGA_PISO | Solicitando equipos del piso 1
[2025-09-13 21:08:40] [INFO] Usuario: WilliamsWick | IP: ::1 | CARGA_PISO_EXITOSA | Piso 1: 3 equipos cargados. Conectados: 0, Desconectados: 3
[2025-09-13 21:09:51] [INFO] Usuario: WilliamsWick | IP: ::1 | CARGA_PISO | Solicitando equipos del piso 2
[2025-09-13 21:09:51] [INFO] Usuario: WilliamsWick | IP: ::1 | CARGA_PISO_EXITOSA | Piso 2: 0 equipos cargados. Conectados: 0, Desconectados: 0
[2025-09-13 21:09:57] [INFO] Usuario: WilliamsWick | IP: ::1 | CARGA_PISO | Solicitando equipos del piso 3
[2025-09-13 21:09:57] [INFO] Usuario: WilliamsWick | IP: ::1 | CARGA_PISO_EXITOSA | Piso 3: 0 equipos cargados. Conectados: 0, Desconectados: 0
[2025-09-13 21:10:00] [INFO] Usuario: WilliamsWick | IP: ::1 | CARGA_PISO | Solicitando equipos del piso 1
[2025-09-13 21:10:00] [INFO] Usuario: WilliamsWick | IP: ::1 | CARGA_PISO_EXITOSA | Piso 1: 3 equipos cargados. Conectados: 0, Desconectados: 3
[2025-09-13 21:10:18] [INFO] Usuario: WilliamsWick | IP: ::1 | CARGA_PISO | Solicitando equipos del piso 2
[2025-09-13 21:10:18] [INFO] Usuario: WilliamsWick | IP: ::1 | CARGA_PISO_EXITOSA | Piso 2: 1 equipos cargados. Conectados: 0, Desconectados: 1
[2025-09-13 21:10:57] [INFO] Usuario: WilliamsWick | IP: ::1 | CARGA_PISO | Solicitando equipos del piso 1
[2025-09-13 21:10:57] [INFO] Usuario: WilliamsWick | IP: ::1 | CARGA_PISO_EXITOSA | Piso 1: 2 equipos cargados. Conectados: 0, Desconectados: 2
[2025-09-13 21:11:01] [INFO] Usuario: WilliamsWick | IP: ::1 | CARGA_PISO | Solicitando equipos del piso 3
[2025-09-13 21:11:01] [INFO] Usuario: WilliamsWick | IP: ::1 | CARGA_PISO_EXITOSA | Piso 3: 0 equipos cargados. Conectados: 0, Desconectados: 0
[2025-09-13 21:11:04] [INFO] Usuario: WilliamsWick | IP: ::1 | CARGA_PISO | Solicitando equipos del piso 1
[2025-09-13 21:11:04] [INFO] Usuario: WilliamsWick | IP: ::1 | CARGA_PISO_EXITOSA | Piso 1: 2 equipos cargados. Conectados: 0, Desconectados: 2
[2025-09-13 21:11:16] [INFO] Usuario: WilliamsWick | IP: ::1 | INICIO_ACTUALIZACION | Piso 1: Procesando 2 coordenadas
[2025-09-13 21:11:16] [ERROR] Usuario: WilliamsWick | IP: ::1 | ACTUALIZACION_FALLIDA | Piso 1: Sin actualizaciones. Errores: 1
[2025-09-13 21:22:03] [INFO] Usuario: WilliamsWick | IP: ::1 | CARGA_PISO | Solicitando equipos del piso 2
[2025-09-13 21:22:03] [INFO] Usuario: WilliamsWick | IP: ::1 | CARGA_PISO_EXITOSA | Piso 2: 1 equipos cargados. Conectados: 0, Desconectados: 1
[2025-09-13 21:22:05] [INFO] Usuario: WilliamsWick | IP: ::1 | CARGA_PISO | Solicitando equipos del piso 3
[2025-09-13 21:22:05] [INFO] Usuario: WilliamsWick | IP: ::1 | CARGA_PISO_EXITOSA | Piso 3: 0 equipos cargados. Conectados: 0, Desconectados: 0
[2025-09-13 21:22:06] [INFO] Usuario: WilliamsWick | IP: ::1 | CARGA_PISO | Solicitando equipos del piso 1
[2025-09-13 21:22:06] [INFO] Usuario: WilliamsWick | IP: ::1 | CARGA_PISO_EXITOSA | Piso 1: 2 equipos cargados. Conectados: 0, Desconectados: 2
[2025-09-13 21:23:52] [INFO] Usuario: WilliamsWick | IP: ::1 | CARGA_PISO | Solicitando equipos del piso 2
[2025-09-13 21:23:52] [INFO] Usuario: WilliamsWick | IP: ::1 | CARGA_PISO_EXITOSA | Piso 2: 1 equipos cargados. Conectados: 0, Desconectados: 1
[2025-09-13 21:23:54] [INFO] Usuario: WilliamsWick | IP: ::1 | CARGA_PISO | Solicitando equipos del piso 3
[2025-09-13 21:23:54] [INFO] Usuario: WilliamsWick | IP: ::1 | CARGA_PISO_EXITOSA | Piso 3: 0 equipos cargados. Conectados: 0, Desconectados: 0
[2025-09-13 21:23:55] [INFO] Usuario: WilliamsWick | IP: ::1 | CARGA_PISO | Solicitando equipos del piso 1
[2025-09-13 21:23:55] [INFO] Usuario: WilliamsWick | IP: ::1 | CARGA_PISO_EXITOSA | Piso 1: 2 equipos cargados. Conectados: 0, Desconectados: 2
[2025-09-13 21:24:04] [INFO] Usuario: WilliamsWick | IP: ::1 | INICIO_ACTUALIZACION | Piso 1: Procesando 2 coordenadas
[2025-09-13 21:24:04] [ERROR] Usuario: WilliamsWick | IP: ::1 | ACTUALIZACION_FALLIDA | Piso 1: Sin actualizaciones. Errores: 1
[2025-09-13 21:34:07] [INFO] Usuario: WilliamsWick | IP: ::1 | INICIO_ACTUALIZACION | Piso 1: Procesando 2 coordenadas
[2025-09-13 21:34:07] [INFO] Usuario: WilliamsWick | IP: ::1 | COORD_ACTUALIZADA | Equipo 2: Coordenadas (211, 142) en piso 1
[2025-09-13 21:34:07] [INFO] Usuario: WilliamsWick | IP: ::1 | COORD_ACTUALIZADA | Equipo 1: Coordenadas (46, 151) en piso 1
[2025-09-13 21:34:07] [INFO] Usuario: WilliamsWick | IP: ::1 | BATCH_UPDATE_SUCCESS | Actualizadas 2 coordenadas. Errores: 0, Advertencias: 0
[2025-09-13 21:34:07] [INFO] Usuario: WilliamsWick | IP: ::1 | ACTUALIZACION_EXITOSA | Piso 1: 2 coordenadas actualizadas. Errores: 0, Advertencias: 0
[2025-09-13 21:34:27] [INFO] Usuario: WilliamsWick | IP: ::1 | CARGA_PISO | Solicitando equipos del piso 2
[2025-09-13 21:34:27] [INFO] Usuario: WilliamsWick | IP: ::1 | CARGA_PISO_EXITOSA | Piso 2: 1 equipos cargados. Conectados: 0, Desconectados: 1
[2025-09-13 21:34:38] [INFO] Usuario: WilliamsWick | IP: ::1 | INICIO_ACTUALIZACION | Piso 2: Procesando 1 coordenadas
[2025-09-13 21:34:38] [INFO] Usuario: WilliamsWick | IP: ::1 | COORD_ACTUALIZADA | Equipo 3: Coordenadas (37, 234) en piso 2
[2025-09-13 21:34:38] [INFO] Usuario: WilliamsWick | IP: ::1 | BATCH_UPDATE_SUCCESS | Actualizadas 1 coordenadas. Errores: 0, Advertencias: 0
[2025-09-13 21:34:38] [INFO] Usuario: WilliamsWick | IP: ::1 | ACTUALIZACION_EXITOSA | Piso 2: 1 coordenadas actualizadas. Errores: 0, Advertencias: 0
[2025-09-13 21:34:45] [INFO] Usuario: WilliamsWick | IP: ::1 | CARGA_PISO | Solicitando equipos del piso 3
[2025-09-13 21:34:45] [INFO] Usuario: WilliamsWick | IP: ::1 | CARGA_PISO_EXITOSA | Piso 3: 0 equipos cargados. Conectados: 0, Desconectados: 0
[2025-09-13 21:34:46] [INFO] Usuario: WilliamsWick | IP: ::1 | CARGA_PISO | Solicitando equipos del piso 1
[2025-09-13 21:34:46] [INFO] Usuario: WilliamsWick | IP: ::1 | CARGA_PISO_EXITOSA | Piso 1: 2 equipos cargados. Conectados: 0, Desconectados: 2
[2025-09-13 21:34:47] [INFO] Usuario: WilliamsWick | IP: ::1 | CARGA_PISO | Solicitando equipos del piso 2
[2025-09-13 21:34:47] [INFO] Usuario: WilliamsWick | IP: ::1 | CARGA_PISO_EXITOSA | Piso 2: 1 equipos cargados. Conectados: 0, Desconectados: 1
[2025-09-13 21:34:48] [INFO] Usuario: WilliamsWick | IP: ::1 | CARGA_PISO | Solicitando equipos del piso 1
[2025-09-13 21:34:48] [INFO] Usuario: WilliamsWick | IP: ::1 | CARGA_PISO_EXITOSA | Piso 1: 2 equipos cargados. Conectados: 0, Desconectados: 2
[2025-09-13 21:36:21] [INFO] Usuario: WilliamsWick | IP: ::1 | CARGA_PISO | Solicitando equipos del piso 2
[2025-09-13 21:36:21] [INFO] Usuario: WilliamsWick | IP: ::1 | CARGA_PISO_EXITOSA | Piso 2: 1 equipos cargados. Conectados: 0, Desconectados: 1
[2025-09-13 21:36:24] [INFO] Usuario: WilliamsWick | IP: ::1 | CARGA_PISO | Solicitando equipos del piso 3
[2025-09-13 21:36:24] [INFO] Usuario: WilliamsWick | IP: ::1 | CARGA_PISO_EXITOSA | Piso 3: 0 equipos cargados. Conectados: 0, Desconectados: 0
[2025-09-13 21:36:26] [INFO] Usuario: WilliamsWick | IP: ::1 | CARGA_PISO | Solicitando equipos del piso 1
[2025-09-13 21:36:26] [INFO] Usuario: WilliamsWick | IP: ::1 | CARGA_PISO_EXITOSA | Piso 1: 2 equipos cargados. Conectados: 0, Desconectados: 2
[2025-09-13 21:47:17] [INFO] Usuario: WilliamsWick | IP: ::1 | INICIO_ACTUALIZACION | Piso 1: Procesando 2 coordenadas
[2025-09-13 21:47:17] [INFO] Usuario: WilliamsWick | IP: ::1 | COORD_ACTUALIZADA | Equipo 2: Coordenadas (697, 54) en piso 1
[2025-09-13 21:47:17] [INFO] Usuario: WilliamsWick | IP: ::1 | COORD_ACTUALIZADA | Equipo 1: Coordenadas (675, 169) en piso 1
[2025-09-13 21:47:17] [INFO] Usuario: WilliamsWick | IP: ::1 | BATCH_UPDATE_SUCCESS | Actualizadas 2 coordenadas. Errores: 0, Advertencias: 0
[2025-09-13 21:47:17] [INFO] Usuario: WilliamsWick | IP: ::1 | ACTUALIZACION_EXITOSA | Piso 1: 2 coordenadas actualizadas. Errores: 0, Advertencias: 0
[2025-09-13 21:47:20] [INFO] Usuario: WilliamsWick | IP: ::1 | CARGA_PISO | Solicitando equipos del piso 2
[2025-09-13 21:47:20] [INFO] Usuario: WilliamsWick | IP: ::1 | CARGA_PISO_EXITOSA | Piso 2: 1 equipos cargados. Conectados: 0, Desconectados: 1
[2025-09-13 21:47:28] [INFO] Usuario: WilliamsWick | IP: ::1 | INICIO_ACTUALIZACION | Piso 2: Procesando 1 coordenadas
[2025-09-13 21:47:28] [INFO] Usuario: WilliamsWick | IP: ::1 | COORD_ACTUALIZADA | Equipo 3: Coordenadas (502, 52) en piso 2
[2025-09-13 21:47:28] [INFO] Usuario: WilliamsWick | IP: ::1 | BATCH_UPDATE_SUCCESS | Actualizadas 1 coordenadas. Errores: 0, Advertencias: 0
[2025-09-13 21:47:28] [INFO] Usuario: WilliamsWick | IP: ::1 | ACTUALIZACION_EXITOSA | Piso 2: 1 coordenadas actualizadas. Errores: 0, Advertencias: 0
[2025-09-13 21:47:29] [INFO] Usuario: WilliamsWick | IP: ::1 | CARGA_PISO | Solicitando equipos del piso 1
[2025-09-13 21:47:29] [INFO] Usuario: WilliamsWick | IP: ::1 | CARGA_PISO_EXITOSA | Piso 1: 2 equipos cargados. Conectados: 0, Desconectados: 2
[2025-09-13 21:47:30] [INFO] Usuario: WilliamsWick | IP: ::1 | CARGA_PISO | Solicitando equipos del piso 2
[2025-09-13 21:47:30] [INFO] Usuario: WilliamsWick | IP: ::1 | CARGA_PISO_EXITOSA | Piso 2: 1 equipos cargados. Conectados: 0, Desconectados: 1
[2025-09-13 21:47:34] [INFO] Usuario: WilliamsWick | IP: ::1 | CARGA_PISO | Solicitando equipos del piso 3
[2025-09-13 21:47:34] [INFO] Usuario: WilliamsWick | IP: ::1 | CARGA_PISO_EXITOSA | Piso 3: 0 equipos cargados. Conectados: 0, Desconectados: 0
[2025-09-13 21:47:35] [INFO] Usuario: WilliamsWick | IP: ::1 | CARGA_PISO | Solicitando equipos del piso 1
[2025-09-13 21:47:35] [INFO] Usuario: WilliamsWick | IP: ::1 | CARGA_PISO_EXITOSA | Piso 1: 2 equipos cargados. Conectados: 0, Desconectados: 2
[2025-09-13 21:49:27] [INFO] Usuario: WilliamsWick | IP: ::1 | CARGA_PISO | Solicitando equipos del piso 2
[2025-09-13 21:49:27] [INFO] Usuario: WilliamsWick | IP: ::1 | CARGA_PISO_EXITOSA | Piso 2: 1 equipos cargados. Conectados: 0, Desconectados: 1
[2025-09-13 21:49:28] [INFO] Usuario: WilliamsWick | IP: ::1 | CARGA_PISO | Solicitando equipos del piso 3
[2025-09-13 21:49:28] [INFO] Usuario: WilliamsWick | IP: ::1 | CARGA_PISO_EXITOSA | Piso 3: 0 equipos cargados. Conectados: 0, Desconectados: 0
[2025-09-13 21:49:28] [INFO] Usuario: WilliamsWick | IP: ::1 | CARGA_PISO | Solicitando equipos del piso 1
[2025-09-13 21:49:28] [INFO] Usuario: WilliamsWick | IP: ::1 | CARGA_PISO_EXITOSA | Piso 1: 2 equipos cargados. Conectados: 0, Desconectados: 2
[2025-09-13 21:55:42] [INFO] Usuario: WilliamsWick | IP: ::1 | CARGA_PISO | Solicitando equipos del piso 2
[2025-09-13 21:55:42] [INFO] Usuario: WilliamsWick | IP: ::1 | CARGA_PISO_EXITOSA | Piso 2: 1 equipos cargados. Conectados: 0, Desconectados: 1
[2025-09-13 22:26:49] [INFO] Usuario: WilliamsWick | IP: ::1 | CARGA_PISO | Solicitando equipos del piso 2
[2025-09-13 22:26:50] [INFO] Usuario: WilliamsWick | IP: ::1 | CARGA_PISO_EXITOSA | Piso 2: 1 equipos cargados. Conectados: 0, Desconectados: 1
[2025-09-13 23:26:34] [INFO] Usuario: WilliamsWick | IP: ::1 | INICIO_ACTUALIZACION | Piso 1: Procesando 2 coordenadas
[2025-09-13 23:26:34] [INFO] Usuario: WilliamsWick | IP: ::1 | COORD_ACTUALIZADA | Equipo 2: Coordenadas (808, 49) en piso 1
[2025-09-13 23:26:34] [INFO] Usuario: WilliamsWick | IP: ::1 | COORD_ACTUALIZADA | Equipo 1: Coordenadas (804, 191) en piso 1
[2025-09-13 23:26:34] [INFO] Usuario: WilliamsWick | IP: ::1 | BATCH_UPDATE_SUCCESS | Actualizadas 2 coordenadas. Errores: 0, Advertencias: 0
[2025-09-13 23:26:34] [INFO] Usuario: WilliamsWick | IP: ::1 | ACTUALIZACION_EXITOSA | Piso 1: 2 coordenadas actualizadas. Errores: 0, Advertencias: 0
[2025-09-13 23:56:12] [INFO] Usuario: WilliamsWick | IP: ::1 | CARGA_PISO | Solicitando equipos del piso 2
[2025-09-13 23:56:12] [INFO] Usuario: WilliamsWick | IP: ::1 | CARGA_PISO_EXITOSA | Piso 2: 1 equipos cargados. Conectados: 0, Desconectados: 1
[2025-09-13 23:56:13] [INFO] Usuario: WilliamsWick | IP: ::1 | CARGA_PISO | Solicitando equipos del piso 3
[2025-09-13 23:56:13] [INFO] Usuario: WilliamsWick | IP: ::1 | CARGA_PISO_EXITOSA | Piso 3: 0 equipos cargados. Conectados: 0, Desconectados: 0
[2025-09-13 23:56:14] [INFO] Usuario: WilliamsWick | IP: ::1 | CARGA_PISO | Solicitando equipos del piso 1
[2025-09-13 23:56:14] [INFO] Usuario: WilliamsWick | IP: ::1 | CARGA_PISO_EXITOSA | Piso 1: 2 equipos cargados. Conectados: 0, Desconectados: 2
[2025-09-13 23:57:15] [INFO] Usuario: WilliamsWick | IP: ::1 | CARGA_PISO | Solicitando equipos del piso 2
[2025-09-13 23:57:15] [INFO] Usuario: WilliamsWick | IP: ::1 | CARGA_PISO_EXITOSA | Piso 2: 1 equipos cargados. Conectados: 0, Desconectados: 1
[2025-09-14 00:02:38] [INFO] Usuario: WilliamsWick | IP: ::1 | CARGA_PISO | Solicitando equipos del piso 2
[2025-09-14 00:02:38] [INFO] Usuario: WilliamsWick | IP: ::1 | CARGA_PISO_EXITOSA | Piso 2: 1 equipos cargados. Conectados: 0, Desconectados: 1
[2025-09-14 00:02:40] [INFO] Usuario: WilliamsWick | IP: ::1 | CARGA_PISO | Solicitando equipos del piso 1
[2025-09-14 00:02:40] [INFO] Usuario: WilliamsWick | IP: ::1 | CARGA_PISO_EXITOSA | Piso 1: 2 equipos cargados. Conectados: 0, Desconectados: 2
[2025-09-14 00:02:59] [INFO] Usuario: WilliamsWick | IP: ::1 | CARGA_PISO | Solicitando equipos del piso 2
[2025-09-14 00:02:59] [INFO] Usuario: WilliamsWick | IP: ::1 | CARGA_PISO_EXITOSA | Piso 2: 1 equipos cargados. Conectados: 0, Desconectados: 1
[2025-09-14 00:03:01] [INFO] Usuario: WilliamsWick | IP: ::1 | CARGA_PISO | Solicitando equipos del piso 1
[2025-09-14 00:03:01] [INFO] Usuario: WilliamsWick | IP: ::1 | CARGA_PISO_EXITOSA | Piso 1: 2 equipos cargados. Conectados: 0, Desconectados: 2
[2025-09-14 00:03:03] [INFO] Usuario: WilliamsWick | IP: ::1 | CARGA_PISO | Solicitando equipos del piso 2
[2025-09-14 00:03:03] [INFO] Usuario: WilliamsWick | IP: ::1 | CARGA_PISO_EXITOSA | Piso 2: 1 equipos cargados. Conectados: 0, Desconectados: 1
[2025-09-14 01:27:05] [INFO] Usuario: WilliamsWick | IP: ::1 | CARGA_PISO | Solicitando equipos del piso 1
[2025-09-14 01:27:05] [INFO] Usuario: WilliamsWick | IP: ::1 | CARGA_PISO_EXITOSA | Piso 1: 2 equipos cargados. Conectados: 1, Desconectados: 1
[2025-09-14 01:29:13] [INFO] Usuario: WilliamsWick | IP: ::1 | CARGA_PISO | Solicitando equipos del piso 1
[2025-09-14 01:29:13] [INFO] Usuario: WilliamsWick | IP: ::1 | CARGA_PISO_EXITOSA | Piso 1: 1 equipos cargados. Conectados: 0, Desconectados: 1
[2025-09-14 01:29:17] [INFO] Usuario: WilliamsWick | IP: ::1 | CARGA_PISO | Solicitando equipos del piso 2
[2025-09-14 01:29:17] [INFO] Usuario: WilliamsWick | IP: ::1 | CARGA_PISO_EXITOSA | Piso 2: 2 equipos cargados. Conectados: 1, Desconectados: 1
[2025-09-14 01:29:27] [INFO] Usuario: WilliamsWick | IP: ::1 | CARGA_PISO | Solicitando equipos del piso 2
[2025-09-14 01:29:27] [INFO] Usuario: WilliamsWick | IP: ::1 | CARGA_PISO_EXITOSA | Piso 2: 1 equipos cargados. Conectados: 1, Desconectados: 0
[2025-09-14 01:29:29] [INFO] Usuario: WilliamsWick | IP: ::1 | CARGA_PISO | Solicitando equipos del piso 1
[2025-09-14 01:29:29] [INFO] Usuario: WilliamsWick | IP: ::1 | CARGA_PISO_EXITOSA | Piso 1: 2 equipos cargados. Conectados: 0, Desconectados: 2
[2025-09-14 01:32:39] [INFO] Usuario: WilliamsWick | IP: ::1 | CARGA_PISO | Solicitando equipos del piso 2
[2025-09-14 01:32:39] [INFO] Usuario: WilliamsWick | IP: ::1 | CARGA_PISO_EXITOSA | Piso 2: 1 equipos cargados. Conectados: 1, Desconectados: 0
[2025-09-14 01:32:41] [INFO] Usuario: WilliamsWick | IP: ::1 | CARGA_PISO | Solicitando equipos del piso 1
[2025-09-14 01:32:41] [INFO] Usuario: WilliamsWick | IP: ::1 | CARGA_PISO_EXITOSA | Piso 1: 2 equipos cargados. Conectados: 0, Desconectados: 2
[2025-09-14 04:06:31] [INFO] Usuario: WilliamsWick | IP: ::1 | CARGA_PISO | Solicitando equipos del piso 2
[2025-09-14 04:06:31] [INFO] Usuario: WilliamsWick | IP: ::1 | CARGA_PISO_EXITOSA | Piso 2: 1 equipos cargados. Conectados: 1, Desconectados: 0
[2025-09-14 04:06:34] [INFO] Usuario: WilliamsWick | IP: ::1 | CARGA_PISO | Solicitando equipos del piso 1
[2025-09-14 04:06:34] [INFO] Usuario: WilliamsWick | IP: ::1 | CARGA_PISO_EXITOSA | Piso 1: 2 equipos cargados. Conectados: 0, Desconectados: 2
[2025-09-14 04:28:04] [INFO] Usuario: WilliamsWick | IP: ::1 | CARGA_PISO | Solicitando equipos del piso 2
[2025-09-14 04:28:04] [INFO] Usuario: WilliamsWick | IP: ::1 | CARGA_PISO_EXITOSA | Piso 2: 1 equipos cargados. Conectados: 1, Desconectados: 0
[2025-09-14 04:28:13] [INFO] Usuario: WilliamsWick | IP: ::1 | CARGA_PISO | Solicitando equipos del piso 1
[2025-09-14 04:28:13] [INFO] Usuario: WilliamsWick | IP: ::1 | CARGA_PISO_EXITOSA | Piso 1: 2 equipos cargados. Conectados: 0, Desconectados: 2
[2025-09-14 04:29:25] [INFO] Usuario: WilliamsWick | IP: ::1 | CARGA_PISO | Solicitando equipos del piso 1
[2025-09-14 04:29:25] [INFO] Usuario: WilliamsWick | IP: ::1 | CARGA_PISO_EXITOSA | Piso 1: 2 equipos cargados. Conectados: 0, Desconectados: 2
[2025-09-14 04:41:35] [INFO] Usuario: WilliamsWick | IP: ::1 | CARGA_PISO | Solicitando equipos del piso 1
[2025-09-14 04:41:35] [INFO] Usuario: WilliamsWick | IP: ::1 | CARGA_PISO_EXITOSA | Piso 1: 1 equipos cargados. Conectados: 0, Desconectados: 1
[2025-09-14 04:41:37] [INFO] Usuario: WilliamsWick | IP: ::1 | CARGA_PISO | Solicitando equipos del piso 3
[2025-09-14 04:41:37] [INFO] Usuario: WilliamsWick | IP: ::1 | CARGA_PISO_EXITOSA | Piso 3: 1 equipos cargados. Conectados: 0, Desconectados: 1
[2025-09-14 04:41:56] [INFO] Usuario: WilliamsWick | IP: ::1 | CARGA_PISO | Solicitando equipos del piso 3
[2025-09-14 04:41:56] [INFO] Usuario: WilliamsWick | IP: ::1 | CARGA_PISO_EXITOSA | Piso 3: 0 equipos cargados. Conectados: 0, Desconectados: 0
[2025-09-14 04:42:01] [INFO] Usuario: WilliamsWick | IP: ::1 | CARGA_PISO | Solicitando equipos del piso 2
[2025-09-14 04:42:01] [INFO] Usuario: WilliamsWick | IP: ::1 | CARGA_PISO_EXITOSA | Piso 2: 1 equipos cargados. Conectados: 1, Desconectados: 0
[2025-09-14 04:42:02] [INFO] Usuario: WilliamsWick | IP: ::1 | CARGA_PISO | Solicitando equipos del piso 1
[2025-09-14 04:42:02] [INFO] Usuario: WilliamsWick | IP: ::1 | CARGA_PISO_EXITOSA | Piso 1: 2 equipos cargados. Conectados: 0, Desconectados: 2
[2025-09-14 04:42:03] [INFO] Usuario: WilliamsWick | IP: ::1 | CARGA_PISO | Solicitando equipos del piso 3
[2025-09-14 04:42:03] [INFO] Usuario: WilliamsWick | IP: ::1 | CARGA_PISO_EXITOSA | Piso 3: 0 equipos cargados. Conectados: 0, Desconectados: 0
[2025-09-14 04:42:11] [INFO] Usuario: WilliamsWick | IP: ::1 | CARGA_PISO | Solicitando equipos del piso 2
[2025-09-14 04:42:11] [INFO] Usuario: WilliamsWick | IP: ::1 | CARGA_PISO_EXITOSA | Piso 2: 1 equipos cargados. Conectados: 1, Desconectados: 0
[2025-09-14 04:42:14] [INFO] Usuario: WilliamsWick | IP: ::1 | CARGA_PISO | Solicitando equipos del piso 3
[2025-09-14 04:42:14] [INFO] Usuario: WilliamsWick | IP: ::1 | CARGA_PISO_EXITOSA | Piso 3: 0 equipos cargados. Conectados: 0, Desconectados: 0
[2025-09-14 04:42:28] [INFO] Usuario: WilliamsWick | IP: ::1 | CARGA_PISO | Solicitando equipos del piso 2
[2025-09-14 04:42:28] [INFO] Usuario: WilliamsWick | IP: ::1 | CARGA_PISO_EXITOSA | Piso 2: 1 equipos cargados. Conectados: 1, Desconectados: 0
[2025-09-14 04:42:32] [INFO] Usuario: WilliamsWick | IP: ::1 | CARGA_PISO | Solicitando equipos del piso 1
[2025-09-14 04:42:32] [INFO] Usuario: WilliamsWick | IP: ::1 | CARGA_PISO_EXITOSA | Piso 1: 2 equipos cargados. Conectados: 0, Desconectados: 2
[2025-09-14 04:42:39] [INFO] Usuario: WilliamsWick | IP: ::1 | CARGA_PISO | Solicitando equipos del piso 1
[2025-09-14 04:42:39] [INFO] Usuario: WilliamsWick | IP: ::1 | CARGA_PISO_EXITOSA | Piso 1: 1 equipos cargados. Conectados: 0, Desconectados: 1
[2025-09-14 04:42:42] [INFO] Usuario: WilliamsWick | IP: ::1 | CARGA_PISO | Solicitando equipos del piso 3
[2025-09-14 04:42:42] [INFO] Usuario: WilliamsWick | IP: ::1 | CARGA_PISO_EXITOSA | Piso 3: 1 equipos cargados. Conectados: 0, Desconectados: 1
[2025-09-14 04:42:46] [INFO] Usuario: WilliamsWick | IP: ::1 | CARGA_PISO | Solicitando equipos del piso 2
[2025-09-14 04:42:46] [INFO] Usuario: WilliamsWick | IP: ::1 | CARGA_PISO_EXITOSA | Piso 2: 1 equipos cargados. Conectados: 1, Desconectados: 0
[2025-09-14 04:42:49] [INFO] Usuario: WilliamsWick | IP: ::1 | CARGA_PISO | Solicitando equipos del piso 1
[2025-09-14 04:42:49] [INFO] Usuario: WilliamsWick | IP: ::1 | CARGA_PISO_EXITOSA | Piso 1: 1 equipos cargados. Conectados: 0, Desconectados: 1
[2025-09-14 04:42:51] [INFO] Usuario: WilliamsWick | IP: ::1 | CARGA_PISO | Solicitando equipos del piso 2
[2025-09-14 04:42:51] [INFO] Usuario: WilliamsWick | IP: ::1 | CARGA_PISO_EXITOSA | Piso 2: 1 equipos cargados. Conectados: 1, Desconectados: 0
[2025-09-14 04:42:52] [INFO] Usuario: WilliamsWick | IP: ::1 | CARGA_PISO | Solicitando equipos del piso 3
[2025-09-14 04:42:52] [INFO] Usuario: WilliamsWick | IP: ::1 | CARGA_PISO_EXITOSA | Piso 3: 1 equipos cargados. Conectados: 0, Desconectados: 1
[2025-09-14 04:48:58] [INFO] Usuario: WilliamsWick | IP: ::1 | CARGA_PISO | Solicitando equipos del piso 3
[2025-09-14 04:48:58] [INFO] Usuario: WilliamsWick | IP: ::1 | CARGA_PISO_EXITOSA | Piso 3: 1 equipos cargados. Conectados: 0, Desconectados: 1
[2025-09-14 04:56:32] [INFO] Usuario: WilliamsWick | IP: ::1 | CARGA_PISO | Solicitando equipos del piso 2
[2025-09-14 04:56:32] [INFO] Usuario: WilliamsWick | IP: ::1 | CARGA_PISO_EXITOSA | Piso 2: 1 equipos cargados. Conectados: 1, Desconectados: 0
[2025-09-14 04:56:33] [INFO] Usuario: WilliamsWick | IP: ::1 | CARGA_PISO | Solicitando equipos del piso 3
[2025-09-14 04:56:33] [INFO] Usuario: WilliamsWick | IP: ::1 | CARGA_PISO_EXITOSA | Piso 3: 1 equipos cargados. Conectados: 0, Desconectados: 1
[2025-09-14 04:56:34] [INFO] Usuario: WilliamsWick | IP: ::1 | CARGA_PISO | Solicitando equipos del piso 1
[2025-09-14 04:56:34] [INFO] Usuario: WilliamsWick | IP: ::1 | CARGA_PISO_EXITOSA | Piso 1: 1 equipos cargados. Conectados: 0, Desconectados: 1
[2025-09-14 04:56:51] [INFO] Usuario: WilliamsWick | IP: ::1 | CARGA_PISO | Solicitando equipos del piso 3
[2025-09-14 04:56:51] [INFO] Usuario: WilliamsWick | IP: ::1 | CARGA_PISO_EXITOSA | Piso 3: 1 equipos cargados. Conectados: 0, Desconectados: 1
[2025-09-14 05:05:23] [INFO] Usuario: WilliamsWick | IP: ::1 | CARGA_PISO | Solicitando equipos del piso 2
[2025-09-14 05:05:23] [INFO] Usuario: WilliamsWick | IP: ::1 | CARGA_PISO_EXITOSA | Piso 2: 1 equipos cargados. Conectados: 1, Desconectados: 0
[2025-09-14 05:05:29] [INFO] Usuario: WilliamsWick | IP: ::1 | CARGA_PISO | Solicitando equipos del piso 1
[2025-09-14 05:05:29] [INFO] Usuario: WilliamsWick | IP: ::1 | CARGA_PISO_EXITOSA | Piso 1: 1 equipos cargados. Conectados: 0, Desconectados: 1
[2025-09-14 05:06:25] [INFO] Usuario: WilliamsWick | IP: ::1 | CARGA_PISO | Solicitando equipos del piso 1
[2025-09-14 05:06:25] [INFO] Usuario: WilliamsWick | IP: ::1 | CARGA_PISO_EXITOSA | Piso 1: 1 equipos cargados. Conectados: 0, Desconectados: 1
[2025-09-14 06:01:23] [INFO] Usuario: WilliamsWick | IP: ::1 | CARGA_PISO | Solicitando equipos del piso 2
[2025-09-14 06:01:23] [INFO] Usuario: WilliamsWick | IP: ::1 | CARGA_PISO_EXITOSA | Piso 2: 1 equipos cargados. Conectados: 1, Desconectados: 0
[2025-09-14 06:02:11] [INFO] Usuario: WilliamsWick | IP: ::1 | CARGA_PISO | Solicitando equipos del piso 2
[2025-09-14 06:02:11] [INFO] Usuario: WilliamsWick | IP: ::1 | CARGA_PISO_EXITOSA | Piso 2: 1 equipos cargados. Conectados: 1, Desconectados: 0
[2025-09-14 06:02:14] [INFO] Usuario: WilliamsWick | IP: ::1 | CARGA_PISO | Solicitando equipos del piso 3
[2025-09-14 06:02:14] [INFO] Usuario: WilliamsWick | IP: ::1 | CARGA_PISO_EXITOSA | Piso 3: 1 equipos cargados. Conectados: 0, Desconectados: 1
[2025-09-14 06:02:17] [INFO] Usuario: WilliamsWick | IP: ::1 | CARGA_PISO | Solicitando equipos del piso 2
[2025-09-14 06:02:17] [INFO] Usuario: WilliamsWick | IP: ::1 | CARGA_PISO_EXITOSA | Piso 2: 1 equipos cargados. Conectados: 1, Desconectados: 0
[2025-09-14 06:02:26] [INFO] Usuario: WilliamsWick | IP: ::1 | CARGA_PISO | Solicitando equipos del piso 1
[2025-09-14 06:02:26] [INFO] Usuario: WilliamsWick | IP: ::1 | CARGA_PISO_EXITOSA | Piso 1: 1 equipos cargados. Conectados: 0, Desconectados: 1
[2025-09-14 06:02:34] [INFO] Usuario: WilliamsWick | IP: ::1 | CARGA_PISO | Solicitando equipos del piso 2
[2025-09-14 06:02:34] [INFO] Usuario: WilliamsWick | IP: ::1 | CARGA_PISO_EXITOSA | Piso 2: 1 equipos cargados. Conectados: 1, Desconectados: 0
[2025-09-14 06:02:39] [INFO] Usuario: WilliamsWick | IP: ::1 | CARGA_PISO | Solicitando equipos del piso 3
[2025-09-14 06:02:39] [INFO] Usuario: WilliamsWick | IP: ::1 | CARGA_PISO_EXITOSA | Piso 3: 1 equipos cargados. Conectados: 0, Desconectados: 1
[2025-09-14 06:02:41] [INFO] Usuario: WilliamsWick | IP: ::1 | CARGA_PISO | Solicitando equipos del piso 2
[2025-09-14 06:02:41] [INFO] Usuario: WilliamsWick | IP: ::1 | CARGA_PISO_EXITOSA | Piso 2: 1 equipos cargados. Conectados: 1, Desconectados: 0
[2025-09-14 06:10:52] [INFO] Usuario: WilliamsWick | IP: ::1 | CARGA_PISO | Solicitando equipos del piso 2
[2025-09-14 06:10:52] [INFO] Usuario: WilliamsWick | IP: ::1 | CARGA_PISO_EXITOSA | Piso 2: 1 equipos cargados. Conectados: 1, Desconectados: 0
[2025-09-14 06:10:55] [INFO] Usuario: WilliamsWick | IP: ::1 | CARGA_PISO | Solicitando equipos del piso 3
[2025-09-14 06:10:55] [INFO] Usuario: WilliamsWick | IP: ::1 | CARGA_PISO_EXITOSA | Piso 3: 1 equipos cargados. Conectados: 0, Desconectados: 1
[2025-09-14 06:11:02] [INFO] Usuario: WilliamsWick | IP: ::1 | CARGA_PISO | Solicitando equipos del piso 2
[2025-09-14 06:11:02] [INFO] Usuario: WilliamsWick | IP: ::1 | CARGA_PISO_EXITOSA | Piso 2: 1 equipos cargados. Conectados: 1, Desconectados: 0
[2025-09-14 06:11:06] [INFO] Usuario: WilliamsWick | IP: ::1 | CARGA_PISO | Solicitando equipos del piso 1
[2025-09-14 06:11:06] [INFO] Usuario: WilliamsWick | IP: ::1 | CARGA_PISO_EXITOSA | Piso 1: 1 equipos cargados. Conectados: 0, Desconectados: 1
[2025-09-14 06:11:14] [INFO] Usuario: WilliamsWick | IP: ::1 | CARGA_PISO | Solicitando equipos del piso 2
[2025-09-14 06:11:14] [INFO] Usuario: WilliamsWick | IP: ::1 | CARGA_PISO_EXITOSA | Piso 2: 1 equipos cargados. Conectados: 1, Desconectados: 0
[2025-09-14 06:11:19] [INFO] Usuario: WilliamsWick | IP: ::1 | CARGA_PISO | Solicitando equipos del piso 3
[2025-09-14 06:11:19] [INFO] Usuario: WilliamsWick | IP: ::1 | CARGA_PISO_EXITOSA | Piso 3: 1 equipos cargados. Conectados: 0, Desconectados: 1
[2025-09-14 06:19:37] [INFO] Usuario: WilliamsWick | IP: ::1 | CARGA_PISO | Solicitando equipos del piso 2
[2025-09-14 06:19:37] [INFO] Usuario: WilliamsWick | IP: ::1 | CARGA_PISO_EXITOSA | Piso 2: 1 equipos cargados. Conectados: 1, Desconectados: 0
[2025-09-14 06:19:42] [INFO] Usuario: WilliamsWick | IP: ::1 | CARGA_PISO | Solicitando equipos del piso 3
[2025-09-14 06:19:42] [INFO] Usuario: WilliamsWick | IP: ::1 | CARGA_PISO_EXITOSA | Piso 3: 1 equipos cargados. Conectados: 0, Desconectados: 1
[2025-09-14 06:22:29] [INFO] Usuario: WilliamsWick | IP: ::1 | CARGA_PISO | Solicitando equipos del piso 2
[2025-09-14 06:22:29] [INFO] Usuario: WilliamsWick | IP: ::1 | CARGA_PISO_EXITOSA | Piso 2: 1 equipos cargados. Conectados: 1, Desconectados: 0
[2025-09-14 06:22:31] [INFO] Usuario: WilliamsWick | IP: ::1 | CARGA_PISO | Solicitando equipos del piso 3
[2025-09-14 06:22:31] [INFO] Usuario: WilliamsWick | IP: ::1 | CARGA_PISO_EXITOSA | Piso 3: 1 equipos cargados. Conectados: 0, Desconectados: 1
[2025-09-14 06:22:33] [INFO] Usuario: WilliamsWick | IP: ::1 | CARGA_PISO | Solicitando equipos del piso 1
[2025-09-14 06:22:33] [INFO] Usuario: WilliamsWick | IP: ::1 | CARGA_PISO_EXITOSA | Piso 1: 1 equipos cargados. Conectados: 0, Desconectados: 1
[2025-09-14 06:33:06] [INFO] Usuario: WilliamsWick | IP: ::1 | CARGA_PISO | Solicitando equipos del piso 2
[2025-09-14 06:33:06] [INFO] Usuario: WilliamsWick | IP: ::1 | CARGA_PISO_EXITOSA | Piso 2: 1 equipos cargados. Conectados: 1, Desconectados: 0
[2025-09-14 06:33:09] [INFO] Usuario: WilliamsWick | IP: ::1 | CARGA_PISO | Solicitando equipos del piso 3
[2025-09-14 06:33:09] [INFO] Usuario: WilliamsWick | IP: ::1 | CARGA_PISO_EXITOSA | Piso 3: 1 equipos cargados. Conectados: 0, Desconectados: 1
[2025-09-14 06:38:14] [INFO] Usuario: WilliamsWick | IP: ::1 | CARGA_PISO | Solicitando equipos del piso 2
[2025-09-14 06:38:14] [INFO] Usuario: WilliamsWick | IP: ::1 | CARGA_PISO_EXITOSA | Piso 2: 1 equipos cargados. Conectados: 1, Desconectados: 0
[2025-09-14 06:38:16] [INFO] Usuario: WilliamsWick | IP: ::1 | CARGA_PISO | Solicitando equipos del piso 3
[2025-09-14 06:38:16] [INFO] Usuario: WilliamsWick | IP: ::1 | CARGA_PISO_EXITOSA | Piso 3: 1 equipos cargados. Conectados: 0, Desconectados: 1
[2025-09-14 06:38:20] [INFO] Usuario: WilliamsWick | IP: ::1 | CARGA_PISO | Solicitando equipos del piso 2
[2025-09-14 06:38:20] [INFO] Usuario: WilliamsWick | IP: ::1 | CARGA_PISO_EXITOSA | Piso 2: 1 equipos cargados. Conectados: 1, Desconectados: 0
[2025-09-14 06:38:23] [INFO] Usuario: WilliamsWick | IP: ::1 | CARGA_PISO | Solicitando equipos del piso 1
[2025-09-14 06:38:23] [INFO] Usuario: WilliamsWick | IP: ::1 | CARGA_PISO_EXITOSA | Piso 1: 1 equipos cargados. Conectados: 0, Desconectados: 1
[2025-09-14 06:38:29] [INFO] Usuario: WilliamsWick | IP: ::1 | CARGA_PISO | Solicitando equipos del piso 2
[2025-09-14 06:38:29] [INFO] Usuario: WilliamsWick | IP: ::1 | CARGA_PISO_EXITOSA | Piso 2: 1 equipos cargados. Conectados: 1, Desconectados: 0
[2025-09-14 06:39:00] [INFO] Usuario: WilliamsWick | IP: ::1 | CARGA_PISO | Solicitando equipos del piso 2
[2025-09-14 06:39:00] [INFO] Usuario: WilliamsWick | IP: ::1 | CARGA_PISO_EXITOSA | Piso 2: 1 equipos cargados. Conectados: 1, Desconectados: 0
[2025-09-14 06:39:11] [INFO] Usuario: WilliamsWick | IP: ::1 | CARGA_PISO | Solicitando equipos del piso 3
[2025-09-14 06:39:11] [INFO] Usuario: WilliamsWick | IP: ::1 | CARGA_PISO_EXITOSA | Piso 3: 1 equipos cargados. Conectados: 0, Desconectados: 1
[2025-09-14 06:39:13] [INFO] Usuario: WilliamsWick | IP: ::1 | CARGA_PISO | Solicitando equipos del piso 2
[2025-09-14 06:39:13] [INFO] Usuario: WilliamsWick | IP: ::1 | CARGA_PISO_EXITOSA | Piso 2: 1 equipos cargados. Conectados: 1, Desconectados: 0
[2025-09-14 06:52:19] [INFO] Usuario: WilliamsWick | IP: ::1 | CARGA_PISO | Solicitando equipos del piso 2
[2025-09-14 06:52:19] [INFO] Usuario: WilliamsWick | IP: ::1 | CARGA_PISO_EXITOSA | Piso 2: 1 equipos cargados. Conectados: 1, Desconectados: 0
[2025-09-14 06:52:22] [INFO] Usuario: WilliamsWick | IP: ::1 | CARGA_PISO | Solicitando equipos del piso 3
[2025-09-14 06:52:22] [INFO] Usuario: WilliamsWick | IP: ::1 | CARGA_PISO_EXITOSA | Piso 3: 1 equipos cargados. Conectados: 0, Desconectados: 1
[2025-09-14 06:52:26] [INFO] Usuario: WilliamsWick | IP: ::1 | CARGA_PISO | Solicitando equipos del piso 2
[2025-09-14 06:52:26] [INFO] Usuario: WilliamsWick | IP: ::1 | CARGA_PISO_EXITOSA | Piso 2: 1 equipos cargados. Conectados: 1, Desconectados: 0
[2025-09-14 06:52:29] [INFO] Usuario: WilliamsWick | IP: ::1 | CARGA_PISO | Solicitando equipos del piso 1
[2025-09-14 06:52:29] [INFO] Usuario: WilliamsWick | IP: ::1 | CARGA_PISO_EXITOSA | Piso 1: 1 equipos cargados. Conectados: 0, Desconectados: 1
[2025-09-14 07:06:40] [INFO] Usuario: WilliamsWick | IP: ::1 | CARGA_PISO | Solicitando equipos del piso 1
[2025-09-14 07:06:40] [INFO] Usuario: WilliamsWick | IP: ::1 | CARGA_PISO_EXITOSA | Piso 1: 1 equipos cargados. Conectados: 0, Desconectados: 1
[2025-09-14 07:18:23] [INFO] Usuario: WilliamsWick | IP: ::1 | CARGA_PISO | Solicitando equipos del piso 1
[2025-09-14 07:18:23] [INFO] Usuario: WilliamsWick | IP: ::1 | CARGA_PISO_EXITOSA | Piso 1: 1 equipos cargados. Conectados: 0, Desconectados: 1
[2025-09-14 08:01:00] [INFO] Usuario: WilliamsWick | IP: ::1 | CARGA_PISO | Solicitando equipos del piso 2
[2025-09-14 08:01:00] [INFO] Usuario: WilliamsWick | IP: ::1 | CARGA_PISO_EXITOSA | Piso 2: 1 equipos cargados. Conectados: 1, Desconectados: 0
[2025-09-14 08:01:08] [INFO] Usuario: WilliamsWick | IP: ::1 | CARGA_PISO | Solicitando equipos del piso 3
[2025-09-14 08:01:08] [INFO] Usuario: WilliamsWick | IP: ::1 | CARGA_PISO_EXITOSA | Piso 3: 1 equipos cargados. Conectados: 0, Desconectados: 1
[2025-09-14 08:01:27] [INFO] Usuario: WilliamsWick | IP: ::1 | CARGA_PISO | Solicitando equipos del piso 3
[2025-09-14 08:01:27] [INFO] Usuario: WilliamsWick | IP: ::1 | CARGA_PISO_EXITOSA | Piso 3: 1 equipos cargados. Conectados: 0, Desconectados: 1
[2025-09-14 08:01:38] [INFO] Usuario: WilliamsWick | IP: ::1 | CARGA_PISO | Solicitando equipos del piso 3
[2025-09-14 08:01:38] [INFO] Usuario: WilliamsWick | IP: ::1 | CARGA_PISO_EXITOSA | Piso 3: 1 equipos cargados. Conectados: 0, Desconectados: 1
[2025-09-14 08:01:55] [INFO] Usuario: WilliamsWick | IP: ::1 | CARGA_PISO | Solicitando equipos del piso 2
[2025-09-14 08:01:55] [INFO] Usuario: WilliamsWick | IP: ::1 | CARGA_PISO_EXITOSA | Piso 2: 1 equipos cargados. Conectados: 1, Desconectados: 0
[2025-09-14 08:01:55] [INFO] Usuario: WilliamsWick | IP: ::1 | CARGA_PISO | Solicitando equipos del piso 3
[2025-09-14 08:01:55] [INFO] Usuario: WilliamsWick | IP: ::1 | CARGA_PISO_EXITOSA | Piso 3: 1 equipos cargados. Conectados: 0, Desconectados: 1
[2025-09-14 16:48:08] [INFO] Usuario: WilliamsWick | IP: ::1 | CARGA_PISO | Solicitando equipos del piso 2
[2025-09-14 16:48:08] [INFO] Usuario: WilliamsWick | IP: ::1 | CARGA_PISO_EXITOSA | Piso 2: 1 equipos cargados. Conectados: 1, Desconectados: 0
[2025-09-14 16:48:27] [INFO] Usuario: WilliamsWick | IP: ::1 | CARGA_PISO | Solicitando equipos del piso 2
[2025-09-14 16:48:27] [INFO] Usuario: WilliamsWick | IP: ::1 | CARGA_PISO_EXITOSA | Piso 2: 1 equipos cargados. Conectados: 1, Desconectados: 0
[2025-09-14 17:11:53] [INFO] Usuario: WilliamsWick | IP: ::1 | CARGA_PISO | Solicitando equipos del piso 1
[2025-09-14 17:11:53] [INFO] Usuario: WilliamsWick | IP: ::1 | CARGA_PISO_EXITOSA | Piso 1: 2 equipos cargados. Conectados: 1, Desconectados: 1
[2025-09-14 17:28:52] [INFO] Usuario: WilliamsWick | IP: ::1 | CARGA_PISO | Solicitando equipos del piso 1
[2025-09-14 17:28:52] [INFO] Usuario: WilliamsWick | IP: ::1 | CARGA_PISO_EXITOSA | Piso 1: 3 equipos cargados. Conectados: 2, Desconectados: 1
[2025-09-14 18:00:04] [INFO] Usuario: WilliamsWick | IP: ::1 | CARGA_PISO | Solicitando equipos del piso 2
[2025-09-14 18:00:04] [INFO] Usuario: WilliamsWick | IP: ::1 | CARGA_PISO_EXITOSA | Piso 2: 1 equipos cargados. Conectados: 1, Desconectados: 0
[2025-09-14 18:00:20] [INFO] Usuario: WilliamsWick | IP: ::1 | CARGA_PISO | Solicitando equipos del piso 1
[2025-09-14 18:00:20] [INFO] Usuario: WilliamsWick | IP: ::1 | CARGA_PISO_EXITOSA | Piso 1: 3 equipos cargados. Conectados: 2, Desconectados: 1
[2025-09-14 18:01:05] [INFO] Usuario: WilliamsWick | IP: ::1 | CARGA_PISO | Solicitando equipos del piso 2
[2025-09-14 18:01:06] [INFO] Usuario: WilliamsWick | IP: ::1 | CARGA_PISO_EXITOSA | Piso 2: 1 equipos cargados. Conectados: 1, Desconectados: 0
[2025-09-14 18:01:17] [INFO] Usuario: WilliamsWick | IP: ::1 | CARGA_PISO | Solicitando equipos del piso 1
[2025-09-14 18:01:17] [INFO] Usuario: WilliamsWick | IP: ::1 | CARGA_PISO_EXITOSA | Piso 1: 3 equipos cargados. Conectados: 2, Desconectados: 1
[2025-09-14 18:29:59] [INFO] Usuario: WilliamsWick | IP: ::1 | CARGA_PISO | Solicitando equipos del piso 1
[2025-09-14 18:29:59] [INFO] Usuario: WilliamsWick | IP: ::1 | CARGA_PISO_EXITOSA | Piso 1: 2 equipos cargados. Conectados: 1, Desconectados: 1
[2025-09-14 18:30:24] [INFO] Usuario: WilliamsWick | IP: ::1 | CARGA_PISO | Solicitando equipos del piso 2
[2025-09-14 18:30:24] [INFO] Usuario: WilliamsWick | IP: ::1 | CARGA_PISO_EXITOSA | Piso 2: 1 equipos cargados. Conectados: 1, Desconectados: 0
[2025-09-14 18:30:25] [INFO] Usuario: WilliamsWick | IP: ::1 | CARGA_PISO | Solicitando equipos del piso 1
[2025-09-14 18:30:25] [INFO] Usuario: WilliamsWick | IP: ::1 | CARGA_PISO_EXITOSA | Piso 1: 1 equipos cargados. Conectados: 0, Desconectados: 1
[2025-09-14 18:31:32] [INFO] Usuario: WilliamsWick | IP: ::1 | CARGA_PISO | Solicitando equipos del piso 2
[2025-09-14 18:31:32] [INFO] Usuario: WilliamsWick | IP: ::1 | CARGA_PISO_EXITOSA | Piso 2: 1 equipos cargados. Conectados: 1, Desconectados: 0
[2025-09-14 18:31:35] [INFO] Usuario: WilliamsWick | IP: ::1 | CARGA_PISO | Solicitando equipos del piso 1
[2025-09-14 18:31:35] [INFO] Usuario: WilliamsWick | IP: ::1 | CARGA_PISO_EXITOSA | Piso 1: 1 equipos cargados. Conectados: 0, Desconectados: 1
[2025-09-14 18:37:20] [INFO] Usuario: WilliamsWick | IP: ::1 | CARGA_PISO | Solicitando equipos del piso 2
[2025-09-14 18:37:20] [INFO] Usuario: WilliamsWick | IP: ::1 | CARGA_PISO_EXITOSA | Piso 2: 1 equipos cargados. Conectados: 1, Desconectados: 0
[2025-09-14 18:37:21] [INFO] Usuario: WilliamsWick | IP: ::1 | CARGA_PISO | Solicitando equipos del piso 1
[2025-09-14 18:37:21] [INFO] Usuario: WilliamsWick | IP: ::1 | CARGA_PISO_EXITOSA | Piso 1: 1 equipos cargados. Conectados: 0, Desconectados: 1
[2025-09-14 18:37:39] [INFO] Usuario: WilliamsWick | IP: ::1 | CARGA_PISO | Solicitando equipos del piso 2
[2025-09-14 18:37:39] [INFO] Usuario: WilliamsWick | IP: ::1 | CARGA_PISO_EXITOSA | Piso 2: 1 equipos cargados. Conectados: 1, Desconectados: 0
[2025-09-14 18:37:42] [INFO] Usuario: WilliamsWick | IP: ::1 | CARGA_PISO | Solicitando equipos del piso 1
[2025-09-14 18:37:42] [INFO] Usuario: WilliamsWick | IP: ::1 | CARGA_PISO_EXITOSA | Piso 1: 1 equipos cargados. Conectados: 0, Desconectados: 1
[2025-09-14 18:42:10] [INFO] Usuario: WilliamsWick | IP: ::1 | CARGA_PISO | Solicitando equipos del piso 1
[2025-09-14 18:42:10] [INFO] Usuario: WilliamsWick | IP: ::1 | CARGA_PISO_EXITOSA | Piso 1: 2 equipos cargados. Conectados: 1, Desconectados: 1
[2025-09-14 18:42:20] [INFO] Usuario: WilliamsWick | IP: ::1 | CARGA_PISO | Solicitando equipos del piso 1
[2025-09-14 18:42:21] [INFO] Usuario: WilliamsWick | IP: ::1 | CARGA_PISO_EXITOSA | Piso 1: 1 equipos cargados. Conectados: 0, Desconectados: 1
[2025-09-14 18:42:29] [INFO] Usuario: WilliamsWick | IP: ::1 | CARGA_PISO | Solicitando equipos del piso 2
[2025-09-14 18:42:29] [INFO] Usuario: WilliamsWick | IP: ::1 | CARGA_PISO_EXITOSA | Piso 2: 1 equipos cargados. Conectados: 1, Desconectados: 0
[2025-09-14 18:42:55] [INFO] Usuario: WilliamsWick | IP: ::1 | CARGA_PISO | Solicitando equipos del piso 2
[2025-09-14 18:42:55] [INFO] Usuario: WilliamsWick | IP: ::1 | CARGA_PISO_EXITOSA | Piso 2: 2 equipos cargados. Conectados: 2, Desconectados: 0
[2025-09-14 18:58:37] [INFO] Usuario: WilliamsWick | IP: ::1 | CARGA_PISO | Solicitando equipos del piso 2
[2025-09-14 18:58:37] [INFO] Usuario: WilliamsWick | IP: ::1 | CARGA_PISO_EXITOSA | Piso 2: 2 equipos cargados. Conectados: 2, Desconectados: 0
[2025-09-14 18:58:40] [INFO] Usuario: WilliamsWick | IP: ::1 | CARGA_PISO | Solicitando equipos del piso 3
[2025-09-14 18:58:40] [INFO] Usuario: WilliamsWick | IP: ::1 | CARGA_PISO_EXITOSA | Piso 3: 1 equipos cargados. Conectados: 0, Desconectados: 1
[2025-09-14 18:58:42] [INFO] Usuario: WilliamsWick | IP: ::1 | CARGA_PISO | Solicitando equipos del piso 1
[2025-09-14 18:58:42] [INFO] Usuario: WilliamsWick | IP: ::1 | CARGA_PISO_EXITOSA | Piso 1: 1 equipos cargados. Conectados: 0, Desconectados: 1
[2025-09-14 19:02:19] [INFO] Usuario: WilliamsWick | IP: ::1 | CARGA_PISO | Solicitando equipos del piso 1
[2025-09-14 19:02:19] [INFO] Usuario: WilliamsWick | IP: ::1 | CARGA_PISO_EXITOSA | Piso 1: 2 equipos cargados. Conectados: 1, Desconectados: 1
[2025-09-14 19:02:40] [INFO] Usuario: WilliamsWick | IP: ::1 | CARGA_PISO | Solicitando equipos del piso 1
[2025-09-14 19:02:40] [INFO] Usuario: WilliamsWick | IP: ::1 | CARGA_PISO_EXITOSA | Piso 1: 3 equipos cargados. Conectados: 2, Desconectados: 1
[2025-09-14 20:21:31] [INFO] Usuario: WilliamsWick | IP: ::1 | CARGA_PISO | Solicitando equipos del piso 1
[2025-09-14 20:21:31] [INFO] Usuario: WilliamsWick | IP: ::1 | CARGA_PISO_EXITOSA | Piso 1: 4 equipos cargados. Conectados: 3, Desconectados: 1
[2025-09-14 20:22:06] [INFO] Usuario: WilliamsWick | IP: ::1 | CARGA_PISO | Solicitando equipos del piso 1
[2025-09-14 20:22:06] [INFO] Usuario: WilliamsWick | IP: ::1 | CARGA_PISO_EXITOSA | Piso 1: 4 equipos cargados. Conectados: 3, Desconectados: 1
[2025-09-14 20:22:33] [INFO] Usuario: WilliamsWick | IP: ::1 | CARGA_PISO | Solicitando equipos del piso 1
[2025-09-14 20:22:33] [INFO] Usuario: WilliamsWick | IP: ::1 | CARGA_PISO_EXITOSA | Piso 1: 4 equipos cargados. Conectados: 3, Desconectados: 1
[2025-09-14 20:23:14] [INFO] Usuario: WilliamsWick | IP: ::1 | CARGA_PISO | Solicitando equipos del piso 1
[2025-09-14 20:23:14] [INFO] Usuario: WilliamsWick | IP: ::1 | CARGA_PISO_EXITOSA | Piso 1: 3 equipos cargados. Conectados: 2, Desconectados: 1
[2025-09-14 20:23:16] [INFO] Usuario: WilliamsWick | IP: ::1 | CARGA_PISO | Solicitando equipos del piso 2
[2025-09-14 20:23:16] [INFO] Usuario: WilliamsWick | IP: ::1 | CARGA_PISO_EXITOSA | Piso 2: 3 equipos cargados. Conectados: 3, Desconectados: 0
[2025-09-14 22:31:18] [INFO] Usuario: WilliamsWick | IP: ::1 | CARGA_PISO | Solicitando equipos del piso 2
[2025-09-14 22:31:18] [INFO] Usuario: WilliamsWick | IP: ::1 | CARGA_PISO_EXITOSA | Piso 2: 3 equipos cargados. Conectados: 3, Desconectados: 0
[2025-09-14 22:31:59] [INFO] Usuario: WilliamsWick | IP: ::1 | CARGA_PISO | Solicitando equipos del piso 3
[2025-09-14 22:31:59] [INFO] Usuario: WilliamsWick | IP: ::1 | CARGA_PISO_EXITOSA | Piso 3: 1 equipos cargados. Conectados: 0, Desconectados: 1
[2025-09-14 22:32:15] [INFO] Usuario: WilliamsWick | IP: ::1 | CARGA_PISO | Solicitando equipos del piso 3
[2025-09-14 22:32:15] [INFO] Usuario: WilliamsWick | IP: ::1 | CARGA_PISO_EXITOSA | Piso 3: 1 equipos cargados. Conectados: 0, Desconectados: 1
[2025-09-15 00:01:52] [INFO] Usuario: WilliamsWick | IP: ::1 | CARGA_PISO | Solicitando equipos del piso 2
[2025-09-15 00:01:52] [INFO] Usuario: WilliamsWick | IP: ::1 | CARGA_PISO_EXITOSA | Piso 2: 3 equipos cargados. Conectados: 3, Desconectados: 0
[2025-09-15 00:10:10] [INFO] Usuario: WilliamsWick | IP: ::1 | CARGA_PISO | Solicitando equipos del piso 1
[2025-09-15 00:10:10] [INFO] Usuario: WilliamsWick | IP: ::1 | CARGA_PISO_EXITOSA | Piso 1: 3 equipos cargados. Conectados: 3, Desconectados: 0
[2025-09-15 00:10:14] [INFO] Usuario: WilliamsWick | IP: ::1 | CARGA_PISO | Solicitando equipos del piso 2
[2025-09-15 00:10:14] [INFO] Usuario: WilliamsWick | IP: ::1 | CARGA_PISO_EXITOSA | Piso 2: 3 equipos cargados. Conectados: 3, Desconectados: 0
[2025-09-15 00:10:33] [INFO] Usuario: WilliamsWick | IP: ::1 | CARGA_PISO | Solicitando equipos del piso 3
[2025-09-15 00:10:33] [INFO] Usuario: WilliamsWick | IP: ::1 | CARGA_PISO_EXITOSA | Piso 3: 1 equipos cargados. Conectados: 0, Desconectados: 1
[2025-09-15 00:10:37] [INFO] Usuario: WilliamsWick | IP: ::1 | CARGA_PISO | Solicitando equipos del piso 1
[2025-09-15 00:10:37] [INFO] Usuario: WilliamsWick | IP: ::1 | CARGA_PISO_EXITOSA | Piso 1: 3 equipos cargados. Conectados: 3, Desconectados: 0
[2025-09-15 00:14:15] [INFO] Usuario: WilliamsWick | IP: ::1 | CARGA_PISO | Solicitando equipos del piso 1
[2025-09-15 00:14:15] [INFO] Usuario: WilliamsWick | IP: ::1 | CARGA_PISO_EXITOSA | Piso 1: 4 equipos cargados. Conectados: 4, Desconectados: 0
[2025-09-15 01:04:41] [INFO] Usuario: WilliamsWick | IP: ::1 | CARGA_PISO | Solicitando equipos del piso 2
[2025-09-15 01:04:41] [INFO] Usuario: WilliamsWick | IP: ::1 | CARGA_PISO_EXITOSA | Piso 2: 3 equipos cargados. Conectados: 1, Desconectados: 2
[2025-09-15 01:04:43] [INFO] Usuario: WilliamsWick | IP: ::1 | CARGA_PISO | Solicitando equipos del piso 3
[2025-09-15 01:04:43] [INFO] Usuario: WilliamsWick | IP: ::1 | CARGA_PISO_EXITOSA | Piso 3: 1 equipos cargados. Conectados: 0, Desconectados: 1
[2025-09-15 01:04:44] [INFO] Usuario: WilliamsWick | IP: ::1 | CARGA_PISO | Solicitando equipos del piso 1
[2025-09-15 01:04:44] [INFO] Usuario: WilliamsWick | IP: ::1 | CARGA_PISO_EXITOSA | Piso 1: 4 equipos cargados. Conectados: 0, Desconectados: 4
[2025-09-18 02:54:29] [INFO] Usuario: WilliamsWick | IP: ::1 | CARGA_PISO | Solicitando equipos del piso 2
[2025-09-18 02:54:29] [INFO] Usuario: WilliamsWick | IP: ::1 | CARGA_PISO_EXITOSA | Piso 2: 3 equipos cargados. Conectados: 1, Desconectados: 2
[2025-09-18 02:54:34] [INFO] Usuario: WilliamsWick | IP: ::1 | CARGA_PISO | Solicitando equipos del piso 3
[2025-09-18 02:54:34] [INFO] Usuario: WilliamsWick | IP: ::1 | CARGA_PISO_EXITOSA | Piso 3: 1 equipos cargados. Conectados: 0, Desconectados: 1
[2025-09-18 02:54:37] [INFO] Usuario: WilliamsWick | IP: ::1 | CARGA_PISO | Solicitando equipos del piso 1
[2025-09-18 02:54:37] [INFO] Usuario: WilliamsWick | IP: ::1 | CARGA_PISO_EXITOSA | Piso 1: 4 equipos cargados. Conectados: 0, Desconectados: 4
[2025-09-18 02:56:29] [INFO] Usuario: WilliamsWick | IP: ::1 | CARGA_PISO | Solicitando equipos del piso 1
[2025-09-18 02:56:29] [INFO] Usuario: WilliamsWick | IP: ::1 | CARGA_PISO_EXITOSA | Piso 1: 3 equipos cargados. Conectados: 0, Desconectados: 3
[2025-09-18 03:10:49] [INFO] Usuario: WilliamsWick | IP: ::1 | CARGA_PISO | Solicitando equipos del piso 2
[2025-09-18 03:10:49] [INFO] Usuario: WilliamsWick | IP: ::1 | CARGA_PISO_EXITOSA | Piso 2: 3 equipos cargados. Conectados: 1, Desconectados: 2
[2025-09-18 03:11:06] [INFO] Usuario: WilliamsWick | IP: ::1 | CARGA_PISO | Solicitando equipos del piso 1
[2025-09-18 03:11:06] [INFO] Usuario: WilliamsWick | IP: ::1 | CARGA_PISO_EXITOSA | Piso 1: 3 equipos cargados. Conectados: 0, Desconectados: 3
[2025-09-18 03:11:40] [INFO] Usuario: WilliamsWick | IP: ::1 | CARGA_PISO | Solicitando equipos del piso 1
[2025-09-18 03:11:40] [INFO] Usuario: WilliamsWick | IP: ::1 | CARGA_PISO_EXITOSA | Piso 1: 4 equipos cargados. Conectados: 1, Desconectados: 3
[2025-09-18 03:24:19] [INFO] Usuario: WilliamsWick | IP: ::1 | CARGA_PISO | Solicitando equipos del piso 1
[2025-09-18 03:24:19] [INFO] Usuario: WilliamsWick | IP: ::1 | CARGA_PISO_EXITOSA | Piso 1: 4 equipos cargados. Conectados: 1, Desconectados: 3
[2025-09-18 04:00:14] [INFO] Usuario: WilliamsWick | IP: ::1 | CARGA_PISO | Solicitando equipos del piso 1
[2025-09-18 04:00:14] [INFO] Usuario: WilliamsWick | IP: ::1 | CARGA_PISO_EXITOSA | Piso 1: 4 equipos cargados. Conectados: 1, Desconectados: 3
[2025-09-18 04:28:41] [INFO] Usuario: WilliamsWick | IP: ::1 | CARGA_PISO | Solicitando equipos del piso 1
[2025-09-18 04:28:41] [INFO] Usuario: WilliamsWick | IP: ::1 | CARGA_PISO_EXITOSA | Piso 1: 5 equipos cargados. Conectados: 1, Desconectados: 4
[2025-09-18 04:30:39] [INFO] Usuario: WilliamsWick | IP: ::1 | CARGA_PISO | Solicitando equipos del piso 1
[2025-09-18 04:30:39] [INFO] Usuario: WilliamsWick | IP: ::1 | CARGA_PISO_EXITOSA | Piso 1: 6 equipos cargados. Conectados: 3, Desconectados: 3
[2025-09-18 04:31:51] [INFO] Usuario: WilliamsWick | IP: ::1 | CARGA_PISO | Solicitando equipos del piso 2
[2025-09-18 04:31:51] [INFO] Usuario: WilliamsWick | IP: ::1 | CARGA_PISO_EXITOSA | Piso 2: 3 equipos cargados. Conectados: 0, Desconectados: 3
[2025-09-18 04:31:53] [INFO] Usuario: WilliamsWick | IP: ::1 | CARGA_PISO | Solicitando equipos del piso 3
[2025-09-18 04:31:53] [INFO] Usuario: WilliamsWick | IP: ::1 | CARGA_PISO_EXITOSA | Piso 3: 1 equipos cargados. Conectados: 0, Desconectados: 1
[2025-09-18 04:32:04] [INFO] Usuario: WilliamsWick | IP: ::1 | CARGA_PISO | Solicitando equipos del piso 1
[2025-09-18 04:32:04] [INFO] Usuario: WilliamsWick | IP: ::1 | CARGA_PISO_EXITOSA | Piso 1: 6 equipos cargados. Conectados: 2, Desconectados: 4
[2025-09-18 04:32:54] [INFO] Usuario: WilliamsWick | IP: ::1 | CARGA_PISO | Solicitando equipos del piso 1
[2025-09-18 04:32:54] [INFO] Usuario: WilliamsWick | IP: ::1 | CARGA_PISO_EXITOSA | Piso 1: 7 equipos cargados. Conectados: 3, Desconectados: 4
[2025-09-18 04:57:22] [INFO] Usuario: WilliamsWick | IP: ::1 | CARGA_PISO | Solicitando equipos del piso 1
[2025-09-18 04:57:22] [INFO] Usuario: WilliamsWick | IP: ::1 | CARGA_PISO_EXITOSA | Piso 1: 6 equipos cargados. Conectados: 2, Desconectados: 4
[2025-09-18 04:57:52] [INFO] Usuario: WilliamsWick | IP: ::1 | CARGA_PISO | Solicitando equipos del piso 1
[2025-09-18 04:57:52] [INFO] Usuario: WilliamsWick | IP: ::1 | CARGA_PISO_EXITOSA | Piso 1: 5 equipos cargados. Conectados: 2, Desconectados: 3
[2025-09-18 04:58:03] [INFO] Usuario: WilliamsWick | IP: ::1 | CARGA_PISO | Solicitando equipos del piso 2
[2025-09-18 04:58:03] [INFO] Usuario: WilliamsWick | IP: ::1 | CARGA_PISO_EXITOSA | Piso 2: 3 equipos cargados. Conectados: 0, Desconectados: 3
[2025-09-18 04:58:06] [INFO] Usuario: WilliamsWick | IP: ::1 | CARGA_PISO | Solicitando equipos del piso 3
[2025-09-18 04:58:06] [INFO] Usuario: WilliamsWick | IP: ::1 | CARGA_PISO_EXITOSA | Piso 3: 1 equipos cargados. Conectados: 0, Desconectados: 1
[2025-09-18 04:58:10] [INFO] Usuario: WilliamsWick | IP: ::1 | CARGA_PISO | Solicitando equipos del piso 1
[2025-09-18 04:58:10] [INFO] Usuario: WilliamsWick | IP: ::1 | CARGA_PISO_EXITOSA | Piso 1: 5 equipos cargados. Conectados: 2, Desconectados: 3
[2025-09-18 04:58:40] [INFO] Usuario: WilliamsWick | IP: ::1 | CARGA_PISO | Solicitando equipos del piso 1
[2025-09-18 04:58:40] [INFO] Usuario: WilliamsWick | IP: ::1 | CARGA_PISO_EXITOSA | Piso 1: 6 equipos cargados. Conectados: 3, Desconectados: 3
[2025-09-18 05:10:23] [INFO] Usuario: WilliamsWick | IP: ::1 | CARGA_PISO | Solicitando equipos del piso 1
[2025-09-18 05:10:23] [INFO] Usuario: WilliamsWick | IP: ::1 | CARGA_PISO_EXITOSA | Piso 1: 5 equipos cargados. Conectados: 1, Desconectados: 4
[2025-09-18 05:51:20] [INFO] Usuario: WilliamsWick | IP: ::1 | CARGA_PISO | Solicitando equipos del piso 1
[2025-09-18 05:51:20] [INFO] Usuario: WilliamsWick | IP: ::1 | CARGA_PISO_EXITOSA | Piso 1: 6 equipos cargados. Conectados: 2, Desconectados: 4
[2025-09-18 06:05:40] [INFO] Usuario: WilliamsWick | IP: ::1 | CARGA_PISO | Solicitando equipos del piso 1
[2025-09-18 06:05:40] [INFO] Usuario: WilliamsWick | IP: ::1 | CARGA_PISO_EXITOSA | Piso 1: 6 equipos cargados. Conectados: 2, Desconectados: 4
[2025-09-18 06:06:07] [INFO] Usuario: WilliamsWick | IP: ::1 | CARGA_PISO | Solicitando equipos del piso 1
[2025-09-18 06:06:07] [INFO] Usuario: WilliamsWick | IP: ::1 | CARGA_PISO_EXITOSA | Piso 1: 6 equipos cargados. Conectados: 2, Desconectados: 4
[2025-09-18 06:14:31] [INFO] Usuario: WilliamsWick | IP: ::1 | CARGA_PISO | Solicitando equipos del piso 1
[2025-09-18 06:14:31] [INFO] Usuario: WilliamsWick | IP: ::1 | CARGA_PISO_EXITOSA | Piso 1: 7 equipos cargados. Conectados: 3, Desconectados: 4
[2025-09-18 06:15:01] [INFO] Usuario: WilliamsWick | IP: ::1 | CARGA_PISO | Solicitando equipos del piso 1
[2025-09-18 06:15:01] [INFO] Usuario: WilliamsWick | IP: ::1 | CARGA_PISO_EXITOSA | Piso 1: 6 equipos cargados. Conectados: 2, Desconectados: 4
[2025-09-18 06:17:29] [INFO] Usuario: WilliamsWick | IP: ::1 | CARGA_PISO | Solicitando equipos del piso 1
[2025-09-18 06:17:29] [INFO] Usuario: WilliamsWick | IP: ::1 | CARGA_PISO_EXITOSA | Piso 1: 7 equipos cargados. Conectados: 3, Desconectados: 4
[2025-09-18 06:17:34] [INFO] Usuario: WilliamsWick | IP: ::1 | CARGA_PISO | Solicitando equipos del piso 1
[2025-09-18 06:17:34] [INFO] Usuario: WilliamsWick | IP: ::1 | CARGA_PISO_EXITOSA | Piso 1: 6 equipos cargados. Conectados: 2, Desconectados: 4
[2025-09-18 06:20:35] [INFO] Usuario: WilliamsWick | IP: ::1 | CARGA_PISO | Solicitando equipos del piso 1
[2025-09-18 06:20:35] [INFO] Usuario: WilliamsWick | IP: ::1 | CARGA_PISO_EXITOSA | Piso 1: 7 equipos cargados. Conectados: 3, Desconectados: 4
[2025-09-18 06:21:07] [INFO] Usuario: WilliamsWick | IP: ::1 | CARGA_PISO | Solicitando equipos del piso 1
[2025-09-18 06:21:07] [INFO] Usuario: WilliamsWick | IP: ::1 | CARGA_PISO_EXITOSA | Piso 1: 6 equipos cargados. Conectados: 2, Desconectados: 4
[2025-09-21 03:35:25] [INFO] Usuario: WilliamsWick | IP: ::1 | CARGA_PISO | Solicitando equipos del piso 2
[2025-09-21 03:35:25] [INFO] Usuario: WilliamsWick | IP: ::1 | CARGA_PISO_EXITOSA | Piso 2: 3 equipos cargados. Conectados: 0, Desconectados: 3
[2025-09-21 03:35:35] [INFO] Usuario: WilliamsWick | IP: ::1 | CARGA_PISO | Solicitando equipos del piso 1
[2025-09-21 03:35:35] [INFO] Usuario: WilliamsWick | IP: ::1 | CARGA_PISO_EXITOSA | Piso 1: 6 equipos cargados. Conectados: 1, Desconectados: 5
[2025-09-21 03:35:36] [INFO] Usuario: WilliamsWick | IP: ::1 | CARGA_PISO | Solicitando equipos del piso 3
[2025-09-21 03:35:36] [INFO] Usuario: WilliamsWick | IP: ::1 | CARGA_PISO_EXITOSA | Piso 3: 1 equipos cargados. Conectados: 0, Desconectados: 1
[2025-09-21 03:35:43] [INFO] Usuario: WilliamsWick | IP: ::1 | CARGA_PISO | Solicitando equipos del piso 1
[2025-09-21 03:35:43] [INFO] Usuario: WilliamsWick | IP: ::1 | CARGA_PISO_EXITOSA | Piso 1: 6 equipos cargados. Conectados: 1, Desconectados: 5
[2025-09-21 03:53:05] [INFO] Usuario: WilliamsWick | IP: ::1 | CARGA_PISO | Solicitando equipos del piso 1
[2025-09-21 03:53:05] [INFO] Usuario: WilliamsWick | IP: ::1 | CARGA_PISO_EXITOSA | Piso 1: 7 equipos cargados. Conectados: 2, Desconectados: 5
[2025-09-21 03:53:27] [INFO] Usuario: WilliamsWick | IP: ::1 | CARGA_PISO | Solicitando equipos del piso 1
[2025-09-21 03:53:27] [INFO] Usuario: WilliamsWick | IP: ::1 | CARGA_PISO_EXITOSA | Piso 1: 6 equipos cargados. Conectados: 1, Desconectados: 5
[2025-09-21 03:54:16] [INFO] Usuario: WilliamsWick | IP: ::1 | CARGA_PISO | Solicitando equipos del piso 1
[2025-09-21 03:54:16] [INFO] Usuario: WilliamsWick | IP: ::1 | CARGA_PISO_EXITOSA | Piso 1: 7 equipos cargados. Conectados: 2, Desconectados: 5
[2025-09-21 03:54:29] [INFO] Usuario: WilliamsWick | IP: ::1 | CARGA_PISO | Solicitando equipos del piso 1
[2025-09-21 03:54:29] [INFO] Usuario: WilliamsWick | IP: ::1 | CARGA_PISO_EXITOSA | Piso 1: 7 equipos cargados. Conectados: 2, Desconectados: 5
[2025-09-21 03:54:44] [INFO] Usuario: WilliamsWick | IP: ::1 | CARGA_PISO | Solicitando equipos del piso 1
[2025-09-21 03:54:44] [INFO] Usuario: WilliamsWick | IP: ::1 | CARGA_PISO_EXITOSA | Piso 1: 6 equipos cargados. Conectados: 1, Desconectados: 5
[2025-09-21 03:57:00] [INFO] Usuario: WilliamsWick | IP: ::1 | CARGA_PISO | Solicitando equipos del piso 1
[2025-09-21 03:57:00] [INFO] Usuario: WilliamsWick | IP: ::1 | CARGA_PISO_EXITOSA | Piso 1: 7 equipos cargados. Conectados: 2, Desconectados: 5
[2025-09-21 03:57:06] [INFO] Usuario: WilliamsWick | IP: ::1 | CARGA_PISO | Solicitando equipos del piso 1
[2025-09-21 03:57:06] [INFO] Usuario: WilliamsWick | IP: ::1 | CARGA_PISO_EXITOSA | Piso 1: 6 equipos cargados. Conectados: 1, Desconectados: 5
[2025-09-21 03:57:49] [INFO] Usuario: WilliamsWick | IP: ::1 | CARGA_PISO | Solicitando equipos del piso 1
[2025-09-21 03:57:49] [INFO] Usuario: WilliamsWick | IP: ::1 | CARGA_PISO_EXITOSA | Piso 1: 7 equipos cargados. Conectados: 2, Desconectados: 5
[2025-09-21 03:58:11] [INFO] Usuario: WilliamsWick | IP: ::1 | CARGA_PISO | Solicitando equipos del piso 1
[2025-09-21 03:58:11] [INFO] Usuario: WilliamsWick | IP: ::1 | CARGA_PISO_EXITOSA | Piso 1: 6 equipos cargados. Conectados: 1, Desconectados: 5
[2025-09-21 03:59:04] [INFO] Usuario: WilliamsWick | IP: ::1 | CARGA_PISO | Solicitando equipos del piso 1
[2025-09-21 03:59:04] [INFO] Usuario: WilliamsWick | IP: ::1 | CARGA_PISO_EXITOSA | Piso 1: 7 equipos cargados. Conectados: 2, Desconectados: 5
[2025-09-21 04:02:42] [INFO] Usuario: WilliamsWick | IP: ::1 | CARGA_PISO | Solicitando equipos del piso 1
[2025-09-21 04:02:42] [INFO] Usuario: WilliamsWick | IP: ::1 | CARGA_PISO_EXITOSA | Piso 1: 7 equipos cargados. Conectados: 2, Desconectados: 5
[2025-09-21 04:13:14] [INFO] Usuario: WilliamsWick | IP: ::1 | CARGA_PISO | Solicitando equipos del piso 1
[2025-09-21 04:13:14] [INFO] Usuario: WilliamsWick | IP: ::1 | CARGA_PISO_EXITOSA | Piso 1: 7 equipos cargados. Conectados: 1, Desconectados: 6
[2025-09-21 04:13:33] [INFO] Usuario: WilliamsWick | IP: ::1 | CARGA_PISO | Solicitando equipos del piso 1
[2025-09-21 04:13:33] [INFO] Usuario: WilliamsWick | IP: ::1 | CARGA_PISO_EXITOSA | Piso 1: 7 equipos cargados. Conectados: 1, Desconectados: 6
[2025-09-21 04:14:02] [INFO] Usuario: WilliamsWick | IP: ::1 | CARGA_PISO | Solicitando equipos del piso 1
[2025-09-21 04:14:02] [INFO] Usuario: WilliamsWick | IP: ::1 | CARGA_PISO_EXITOSA | Piso 1: 6 equipos cargados. Conectados: 1, Desconectados: 5
[2025-09-21 04:14:34] [INFO] Usuario: WilliamsWick | IP: ::1 | CARGA_PISO | Solicitando equipos del piso 1
[2025-09-21 04:14:34] [INFO] Usuario: WilliamsWick | IP: ::1 | CARGA_PISO_EXITOSA | Piso 1: 7 equipos cargados. Conectados: 2, Desconectados: 5
[2025-09-21 04:15:08] [INFO] Usuario: WilliamsWick | IP: ::1 | CARGA_PISO | Solicitando equipos del piso 1
[2025-09-21 04:15:08] [INFO] Usuario: WilliamsWick | IP: ::1 | CARGA_PISO_EXITOSA | Piso 1: 6 equipos cargados. Conectados: 1, Desconectados: 5
[2025-09-21 04:15:35] [INFO] Usuario: WilliamsWick | IP: ::1 | CARGA_PISO | Solicitando equipos del piso 1
[2025-09-21 04:15:35] [INFO] Usuario: WilliamsWick | IP: ::1 | CARGA_PISO_EXITOSA | Piso 1: 7 equipos cargados. Conectados: 2, Desconectados: 5
[2025-09-21 04:16:09] [INFO] Usuario: WilliamsWick | IP: ::1 | CARGA_PISO | Solicitando equipos del piso 1
[2025-09-21 04:16:09] [INFO] Usuario: WilliamsWick | IP: ::1 | CARGA_PISO_EXITOSA | Piso 1: 6 equipos cargados. Conectados: 1, Desconectados: 5
[2025-09-21 04:23:49] [INFO] Usuario: WilliamsWick | IP: ::1 | CARGA_PISO | Solicitando equipos del piso 1
[2025-09-21 04:23:49] [INFO] Usuario: WilliamsWick | IP: ::1 | CARGA_PISO_EXITOSA | Piso 1: 7 equipos cargados. Conectados: 2, Desconectados: 5
[2025-09-21 04:25:21] [INFO] Usuario: WilliamsWick | IP: ::1 | CARGA_PISO | Solicitando equipos del piso 1
[2025-09-21 04:25:21] [INFO] Usuario: WilliamsWick | IP: ::1 | CARGA_PISO_EXITOSA | Piso 1: 6 equipos cargados. Conectados: 1, Desconectados: 5
[2025-09-21 04:25:54] [INFO] Usuario: WilliamsWick | IP: ::1 | CARGA_PISO | Solicitando equipos del piso 1
[2025-09-21 04:25:54] [INFO] Usuario: WilliamsWick | IP: ::1 | CARGA_PISO_EXITOSA | Piso 1: 7 equipos cargados. Conectados: 2, Desconectados: 5
[2025-09-21 04:51:50] [INFO] Usuario: WilliamsWick | IP: ::1 | CARGA_PISO | Solicitando equipos del piso 1
[2025-09-21 04:51:50] [INFO] Usuario: WilliamsWick | IP: ::1 | CARGA_PISO_EXITOSA | Piso 1: 4 equipos cargados. Conectados: 1, Desconectados: 3
[2025-09-21 04:51:58] [INFO] Usuario: WilliamsWick | IP: ::1 | CARGA_PISO | Solicitando equipos del piso 1
[2025-09-21 04:51:58] [INFO] Usuario: WilliamsWick | IP: ::1 | CARGA_PISO_EXITOSA | Piso 1: 3 equipos cargados. Conectados: 1, Desconectados: 2
[2025-09-21 04:59:08] [INFO] Usuario: WilliamsWick | IP: ::1 | CARGA_PISO | Solicitando equipos del piso 1
[2025-09-21 04:59:08] [INFO] Usuario: WilliamsWick | IP: ::1 | CARGA_PISO_EXITOSA | Piso 1: 4 equipos cargados. Conectados: 2, Desconectados: 2
[2025-09-21 04:59:21] [INFO] Usuario: WilliamsWick | IP: ::1 | CARGA_PISO | Solicitando equipos del piso 1
[2025-09-21 04:59:21] [INFO] Usuario: WilliamsWick | IP: ::1 | CARGA_PISO_EXITOSA | Piso 1: 3 equipos cargados. Conectados: 1, Desconectados: 2
[2025-10-02 22:22:02] [INFO] Usuario: WilliamsWick | IP: ::1 | CARGA_PISO | Solicitando equipos del piso 2
[2025-10-02 22:22:02] [INFO] Usuario: WilliamsWick | IP: ::1 | CARGA_PISO_EXITOSA | Piso 2: 3 equipos cargados. Conectados: 1, Desconectados: 2
[2025-10-02 22:22:04] [INFO] Usuario: WilliamsWick | IP: ::1 | CARGA_PISO | Solicitando equipos del piso 3
[2025-10-02 22:22:04] [INFO] Usuario: WilliamsWick | IP: ::1 | CARGA_PISO_EXITOSA | Piso 3: 1 equipos cargados. Conectados: 0, Desconectados: 1
[2025-10-02 22:22:06] [INFO] Usuario: WilliamsWick | IP: ::1 | CARGA_PISO | Solicitando equipos del piso 1
[2025-10-02 22:22:06] [INFO] Usuario: WilliamsWick | IP: ::1 | CARGA_PISO_EXITOSA | Piso 1: 3 equipos cargados. Conectados: 1, Desconectados: 2
[2025-10-02 22:22:12] [INFO] Usuario: WilliamsWick | IP: ::1 | CARGA_PISO | Solicitando equipos del piso 1
[2025-10-02 22:22:12] [INFO] Usuario: WilliamsWick | IP: ::1 | CARGA_PISO_EXITOSA | Piso 1: 2 equipos cargados. Conectados: 1, Desconectados: 1
[2025-10-02 22:22:16] [INFO] Usuario: WilliamsWick | IP: ::1 | CARGA_PISO | Solicitando equipos del piso 1
[2025-10-02 22:22:16] [INFO] Usuario: WilliamsWick | IP: ::1 | CARGA_PISO_EXITOSA | Piso 1: 1 equipos cargados. Conectados: 1, Desconectados: 0
[2025-10-02 22:22:21] [INFO] Usuario: WilliamsWick | IP: ::1 | CARGA_PISO | Solicitando equipos del piso 1
[2025-10-02 22:22:21] [INFO] Usuario: WilliamsWick | IP: ::1 | CARGA_PISO_EXITOSA | Piso 1: 0 equipos cargados. Conectados: 0, Desconectados: 0
[2025-10-02 22:22:24] [INFO] Usuario: WilliamsWick | IP: ::1 | CARGA_PISO | Solicitando equipos del piso 2
[2025-10-02 22:22:24] [INFO] Usuario: WilliamsWick | IP: ::1 | CARGA_PISO_EXITOSA | Piso 2: 3 equipos cargados. Conectados: 1, Desconectados: 2
[2025-10-02 22:22:28] [INFO] Usuario: WilliamsWick | IP: ::1 | CARGA_PISO | Solicitando equipos del piso 2
[2025-10-02 22:22:28] [INFO] Usuario: WilliamsWick | IP: ::1 | CARGA_PISO_EXITOSA | Piso 2: 2 equipos cargados. Conectados: 1, Desconectados: 1
[2025-10-02 22:22:32] [INFO] Usuario: WilliamsWick | IP: ::1 | CARGA_PISO | Solicitando equipos del piso 2
[2025-10-02 22:22:32] [INFO] Usuario: WilliamsWick | IP: ::1 | CARGA_PISO_EXITOSA | Piso 2: 1 equipos cargados. Conectados: 0, Desconectados: 1
[2025-10-02 22:22:36] [INFO] Usuario: WilliamsWick | IP: ::1 | CARGA_PISO | Solicitando equipos del piso 2
[2025-10-02 22:22:36] [INFO] Usuario: WilliamsWick | IP: ::1 | CARGA_PISO_EXITOSA | Piso 2: 0 equipos cargados. Conectados: 0, Desconectados: 0
[2025-10-02 22:22:38] [INFO] Usuario: WilliamsWick | IP: ::1 | CARGA_PISO | Solicitando equipos del piso 3
[2025-10-02 22:22:38] [INFO] Usuario: WilliamsWick | IP: ::1 | CARGA_PISO_EXITOSA | Piso 3: 1 equipos cargados. Conectados: 0, Desconectados: 1
[2025-10-02 22:22:42] [INFO] Usuario: WilliamsWick | IP: ::1 | CARGA_PISO | Solicitando equipos del piso 3
[2025-10-02 22:22:42] [INFO] Usuario: WilliamsWick | IP: ::1 | CARGA_PISO_EXITOSA | Piso 3: 0 equipos cargados. Conectados: 0, Desconectados: 0
[2025-10-02 22:22:47] [INFO] Usuario: WilliamsWick | IP: ::1 | CARGA_PISO | Solicitando equipos del piso 1
[2025-10-02 22:22:47] [INFO] Usuario: WilliamsWick | IP: ::1 | CARGA_PISO_EXITOSA | Piso 1: 0 equipos cargados. Conectados: 0, Desconectados: 0
[2025-10-03 02:17:38] [INFO] Usuario: WilliamsWick | IP: ::1 | CARGA_PISO | Solicitando equipos del piso 2
[2025-10-03 02:17:38] [INFO] Usuario: WilliamsWick | IP: ::1 | CARGA_PISO_EXITOSA | Piso 2: 0 equipos cargados. Conectados: 0, Desconectados: 0
[2025-10-03 02:17:39] [INFO] Usuario: WilliamsWick | IP: ::1 | CARGA_PISO | Solicitando equipos del piso 3
[2025-10-03 02:17:39] [INFO] Usuario: WilliamsWick | IP: ::1 | CARGA_PISO_EXITOSA | Piso 3: 0 equipos cargados. Conectados: 0, Desconectados: 0
[2025-10-03 02:17:39] [INFO] Usuario: WilliamsWick | IP: ::1 | CARGA_PISO | Solicitando equipos del piso 1
[2025-10-03 02:17:39] [INFO] Usuario: WilliamsWick | IP: ::1 | CARGA_PISO_EXITOSA | Piso 1: 0 equipos cargados. Conectados: 0, Desconectados: 0
[2025-10-03 03:29:54] [INFO] Usuario: WilliamsWick | IP: ::1 | CARGA_PISO | Solicitando equipos del piso 2
[2025-10-03 03:29:54] [INFO] Usuario: WilliamsWick | IP: ::1 | CARGA_PISO_EXITOSA | Piso 2: 0 equipos cargados. Conectados: 0, Desconectados: 0
[2025-10-03 03:29:55] [INFO] Usuario: WilliamsWick | IP: ::1 | CARGA_PISO | Solicitando equipos del piso 1
[2025-10-03 03:29:55] [INFO] Usuario: WilliamsWick | IP: ::1 | CARGA_PISO_EXITOSA | Piso 1: 0 equipos cargados. Conectados: 0, Desconectados: 0
[2025-10-03 03:36:05] [INFO] Usuario: WilliamsWick | IP: ::1 | CARGA_PISO | Solicitando equipos del piso 2
[2025-10-03 03:36:05] [INFO] Usuario: WilliamsWick | IP: ::1 | CARGA_PISO_EXITOSA | Piso 2: 0 equipos cargados. Conectados: 0, Desconectados: 0
[2025-10-03 03:36:05] [INFO] Usuario: WilliamsWick | IP: ::1 | CARGA_PISO | Solicitando equipos del piso 1
[2025-10-03 03:36:05] [INFO] Usuario: WilliamsWick | IP: ::1 | CARGA_PISO_EXITOSA | Piso 1: 0 equipos cargados. Conectados: 0, Desconectados: 0
[2025-10-03 03:38:18] [INFO] Usuario: WilliamsWick | IP: ::1 | CARGA_PISO | Solicitando equipos del piso 2
[2025-10-03 03:38:18] [INFO] Usuario: WilliamsWick | IP: ::1 | CARGA_PISO_EXITOSA | Piso 2: 0 equipos cargados. Conectados: 0, Desconectados: 0
[2025-10-03 03:38:18] [INFO] Usuario: WilliamsWick | IP: ::1 | CARGA_PISO | Solicitando equipos del piso 1
[2025-10-03 03:38:18] [INFO] Usuario: WilliamsWick | IP: ::1 | CARGA_PISO_EXITOSA | Piso 1: 0 equipos cargados. Conectados: 0, Desconectados: 0
[2025-10-03 03:40:30] [INFO] Usuario: WilliamsWick | IP: ::1 | CARGA_PISO | Solicitando equipos del piso 2
[2025-10-03 03:40:30] [INFO] Usuario: WilliamsWick | IP: ::1 | CARGA_PISO_EXITOSA | Piso 2: 0 equipos cargados. Conectados: 0, Desconectados: 0
[2025-10-03 03:40:31] [INFO] Usuario: WilliamsWick | IP: ::1 | CARGA_PISO | Solicitando equipos del piso 1
[2025-10-03 03:40:31] [INFO] Usuario: WilliamsWick | IP: ::1 | CARGA_PISO_EXITOSA | Piso 1: 0 equipos cargados. Conectados: 0, Desconectados: 0
[2025-10-03 03:45:30] [INFO] Usuario: WilliamsWick | IP: ::1 | CARGA_PISO | Solicitando equipos del piso 1
[2025-10-03 03:45:30] [INFO] Usuario: WilliamsWick | IP: ::1 | CARGA_PISO_EXITOSA | Piso 1: 1 equipos cargados. Conectados: 0, Desconectados: 1
[2025-10-03 03:49:16] [INFO] Usuario: WilliamsWick | IP: ::1 | CARGA_PISO | Solicitando equipos del piso 1
[2025-10-03 03:49:16] [INFO] Usuario: WilliamsWick | IP: ::1 | CARGA_PISO_EXITOSA | Piso 1: 2 equipos cargados. Conectados: 1, Desconectados: 1
[2025-10-03 03:50:26] [INFO] Usuario: WilliamsWick | IP: ::1 | CARGA_PISO | Solicitando equipos del piso 1
[2025-10-03 03:50:26] [INFO] Usuario: WilliamsWick | IP: ::1 | CARGA_PISO_EXITOSA | Piso 1: 1 equipos cargados. Conectados: 0, Desconectados: 1
[2025-10-03 03:51:10] [INFO] Usuario: WilliamsWick | IP: ::1 | CARGA_PISO | Solicitando equipos del piso 2
[2025-10-03 03:51:10] [INFO] Usuario: WilliamsWick | IP: ::1 | CARGA_PISO_EXITOSA | Piso 2: 0 equipos cargados. Conectados: 0, Desconectados: 0
[2025-10-03 03:51:11] [INFO] Usuario: WilliamsWick | IP: ::1 | CARGA_PISO | Solicitando equipos del piso 1
[2025-10-03 03:51:11] [INFO] Usuario: WilliamsWick | IP: ::1 | CARGA_PISO_EXITOSA | Piso 1: 1 equipos cargados. Conectados: 0, Desconectados: 1
[2025-10-03 03:53:04] [INFO] Usuario: WilliamsWick | IP: ::1 | CARGA_PISO | Solicitando equipos del piso 2
[2025-10-03 03:53:04] [INFO] Usuario: WilliamsWick | IP: ::1 | CARGA_PISO_EXITOSA | Piso 2: 0 equipos cargados. Conectados: 0, Desconectados: 0
[2025-10-03 03:53:04] [INFO] Usuario: WilliamsWick | IP: ::1 | CARGA_PISO | Solicitando equipos del piso 1
[2025-10-03 03:53:04] [INFO] Usuario: WilliamsWick | IP: ::1 | CARGA_PISO_EXITOSA | Piso 1: 0 equipos cargados. Conectados: 0, Desconectados: 0
[2025-10-03 03:57:15] [INFO] Usuario: WilliamsWick | IP: ::1 | CARGA_PISO | Solicitando equipos del piso 1
[2025-10-03 03:57:15] [INFO] Usuario: WilliamsWick | IP: ::1 | CARGA_PISO_EXITOSA | Piso 1: 1 equipos cargados. Conectados: 1, Desconectados: 0
[2025-10-03 04:03:04] [INFO] Usuario: WilliamsWick | IP: ::1 | CARGA_PISO | Solicitando equipos del piso 1
[2025-10-03 04:03:04] [INFO] Usuario: WilliamsWick | IP: ::1 | CARGA_PISO_EXITOSA | Piso 1: 1 equipos cargados. Conectados: 0, Desconectados: 1
[2025-10-03 04:06:11] [INFO] Usuario: WilliamsWick | IP: ::1 | CARGA_PISO | Solicitando equipos del piso 1
[2025-10-03 04:06:11] [INFO] Usuario: WilliamsWick | IP: ::1 | CARGA_PISO_EXITOSA | Piso 1: 2 equipos cargados. Conectados: 1, Desconectados: 1
[2025-10-03 04:08:32] [INFO] Usuario: WilliamsWick | IP: ::1 | CARGA_PISO | Solicitando equipos del piso 1
[2025-10-03 04:08:32] [INFO] Usuario: WilliamsWick | IP: ::1 | CARGA_PISO_EXITOSA | Piso 1: 3 equipos cargados. Conectados: 1, Desconectados: 2
[2025-10-03 04:10:50] [INFO] Usuario: WilliamsWick | IP: ::1 | CARGA_PISO | Solicitando equipos del piso 1
[2025-10-03 04:10:50] [INFO] Usuario: WilliamsWick | IP: ::1 | CARGA_PISO_EXITOSA | Piso 1: 4 equipos cargados. Conectados: 1, Desconectados: 3
[2025-10-03 04:13:31] [INFO] Usuario: WilliamsWick | IP: ::1 | CARGA_PISO | Solicitando equipos del piso 1
[2025-10-03 04:13:31] [INFO] Usuario: WilliamsWick | IP: ::1 | CARGA_PISO_EXITOSA | Piso 1: 5 equipos cargados. Conectados: 1, Desconectados: 4
[2025-10-03 04:16:13] [INFO] Usuario: WilliamsWick | IP: ::1 | CARGA_PISO | Solicitando equipos del piso 1
[2025-10-03 04:16:13] [INFO] Usuario: WilliamsWick | IP: ::1 | CARGA_PISO_EXITOSA | Piso 1: 6 equipos cargados. Conectados: 1, Desconectados: 5
[2025-10-03 04:22:11] [INFO] Usuario: WilliamsWick | IP: ::1 | CARGA_PISO | Solicitando equipos del piso 1
[2025-10-03 04:22:11] [INFO] Usuario: WilliamsWick | IP: ::1 | CARGA_PISO_EXITOSA | Piso 1: 6 equipos cargados. Conectados: 0, Desconectados: 6
[2025-10-03 04:22:17] [INFO] Usuario: WilliamsWick | IP: ::1 | CARGA_PISO | Solicitando equipos del piso 2
[2025-10-03 04:22:17] [INFO] Usuario: WilliamsWick | IP: ::1 | CARGA_PISO_EXITOSA | Piso 2: 1 equipos cargados. Conectados: 0, Desconectados: 1
[2025-10-03 04:27:30] [INFO] Usuario: WilliamsWick | IP: ::1 | CARGA_PISO | Solicitando equipos del piso 2
[2025-10-03 04:27:30] [INFO] Usuario: WilliamsWick | IP: ::1 | CARGA_PISO_EXITOSA | Piso 2: 2 equipos cargados. Conectados: 1, Desconectados: 1
[2025-10-03 04:29:17] [INFO] Usuario: WilliamsWick | IP: ::1 | CARGA_PISO | Solicitando equipos del piso 2
[2025-10-03 04:29:17] [INFO] Usuario: WilliamsWick | IP: ::1 | CARGA_PISO_EXITOSA | Piso 2: 3 equipos cargados. Conectados: 1, Desconectados: 2
[2025-10-03 04:31:02] [INFO] Usuario: WilliamsWick | IP: ::1 | CARGA_PISO | Solicitando equipos del piso 2
[2025-10-03 04:31:02] [INFO] Usuario: WilliamsWick | IP: ::1 | CARGA_PISO_EXITOSA | Piso 2: 4 equipos cargados. Conectados: 1, Desconectados: 3
[2025-10-03 04:37:20] [INFO] Usuario: WilliamsWick | IP: ::1 | CARGA_PISO | Solicitando equipos del piso 2
[2025-10-03 04:37:20] [INFO] Usuario: WilliamsWick | IP: ::1 | CARGA_PISO_EXITOSA | Piso 2: 5 equipos cargados. Conectados: 1, Desconectados: 4
[2025-10-03 04:40:31] [INFO] Usuario: WilliamsWick | IP: ::1 | CARGA_PISO | Solicitando equipos del piso 2
[2025-10-03 04:40:31] [INFO] Usuario: WilliamsWick | IP: ::1 | CARGA_PISO_EXITOSA | Piso 2: 6 equipos cargados. Conectados: 1, Desconectados: 5
[2025-10-03 04:42:56] [INFO] Usuario: WilliamsWick | IP: ::1 | CARGA_PISO | Solicitando equipos del piso 2
[2025-10-03 04:42:56] [INFO] Usuario: WilliamsWick | IP: ::1 | CARGA_PISO_EXITOSA | Piso 2: 6 equipos cargados. Conectados: 0, Desconectados: 6
[2025-10-03 04:43:01] [INFO] Usuario: WilliamsWick | IP: ::1 | CARGA_PISO | Solicitando equipos del piso 3
[2025-10-03 04:43:01] [INFO] Usuario: WilliamsWick | IP: ::1 | CARGA_PISO_EXITOSA | Piso 3: 1 equipos cargados. Conectados: 1, Desconectados: 0
[2025-10-03 04:45:09] [INFO] Usuario: WilliamsWick | IP: ::1 | CARGA_PISO | Solicitando equipos del piso 2
[2025-10-03 04:45:09] [INFO] Usuario: WilliamsWick | IP: ::1 | CARGA_PISO_EXITOSA | Piso 2: 6 equipos cargados. Conectados: 0, Desconectados: 6
[2025-10-03 04:45:09] [INFO] Usuario: WilliamsWick | IP: ::1 | CARGA_PISO | Solicitando equipos del piso 3
[2025-10-03 04:45:09] [INFO] Usuario: WilliamsWick | IP: ::1 | CARGA_PISO_EXITOSA | Piso 3: 1 equipos cargados. Conectados: 0, Desconectados: 1
[2025-10-03 04:46:37] [INFO] Usuario: WilliamsWick | IP: ::1 | CARGA_PISO | Solicitando equipos del piso 3
[2025-10-03 04:46:37] [INFO] Usuario: WilliamsWick | IP: ::1 | CARGA_PISO_EXITOSA | Piso 3: 2 equipos cargados. Conectados: 1, Desconectados: 1
[2025-10-03 04:47:48] [INFO] Usuario: WilliamsWick | IP: ::1 | CARGA_PISO | Solicitando equipos del piso 3
[2025-10-03 04:47:48] [INFO] Usuario: WilliamsWick | IP: ::1 | CARGA_PISO_EXITOSA | Piso 3: 2 equipos cargados. Conectados: 1, Desconectados: 1
[2025-10-03 04:50:26] [INFO] Usuario: WilliamsWick | IP: ::1 | CARGA_PISO | Solicitando equipos del piso 3
[2025-10-03 04:50:26] [INFO] Usuario: WilliamsWick | IP: ::1 | CARGA_PISO_EXITOSA | Piso 3: 3 equipos cargados. Conectados: 1, Desconectados: 2
[2025-10-03 04:52:58] [INFO] Usuario: WilliamsWick | IP: ::1 | CARGA_PISO | Solicitando equipos del piso 3
[2025-10-03 04:52:58] [INFO] Usuario: WilliamsWick | IP: ::1 | CARGA_PISO_EXITOSA | Piso 3: 3 equipos cargados. Conectados: 0, Desconectados: 3
[2025-10-03 04:54:12] [INFO] Usuario: WilliamsWick | IP: ::1 | CARGA_PISO | Solicitando equipos del piso 3
[2025-10-03 04:54:12] [INFO] Usuario: WilliamsWick | IP: ::1 | CARGA_PISO_EXITOSA | Piso 3: 4 equipos cargados. Conectados: 1, Desconectados: 3
[2025-10-03 04:55:32] [INFO] Usuario: WilliamsWick | IP: ::1 | CARGA_PISO | Solicitando equipos del piso 3
[2025-10-03 04:55:32] [INFO] Usuario: WilliamsWick | IP: ::1 | CARGA_PISO_EXITOSA | Piso 3: 4 equipos cargados. Conectados: 0, Desconectados: 4
[2025-10-03 04:57:22] [INFO] Usuario: WilliamsWick | IP: ::1 | CARGA_PISO | Solicitando equipos del piso 3
[2025-10-03 04:57:22] [INFO] Usuario: WilliamsWick | IP: ::1 | CARGA_PISO_EXITOSA | Piso 3: 5 equipos cargados. Conectados: 1, Desconectados: 4
[2025-10-03 04:59:53] [INFO] Usuario: WilliamsWick | IP: ::1 | CARGA_PISO | Solicitando equipos del piso 3
[2025-10-03 04:59:53] [INFO] Usuario: WilliamsWick | IP: ::1 | CARGA_PISO_EXITOSA | Piso 3: 5 equipos cargados. Conectados: 0, Desconectados: 5
[2025-10-03 05:01:02] [INFO] Usuario: WilliamsWick | IP: ::1 | CARGA_PISO | Solicitando equipos del piso 3
[2025-10-03 05:01:02] [INFO] Usuario: WilliamsWick | IP: ::1 | CARGA_PISO_EXITOSA | Piso 3: 5 equipos cargados. Conectados: 0, Desconectados: 5
[2025-10-03 05:01:56] [INFO] Usuario: WilliamsWick | IP: ::1 | CARGA_PISO | Solicitando equipos del piso 3
[2025-10-03 05:01:56] [INFO] Usuario: WilliamsWick | IP: ::1 | CARGA_PISO_EXITOSA | Piso 3: 6 equipos cargados. Conectados: 1, Desconectados: 5
[2025-10-03 05:05:03] [INFO] Usuario: WilliamsWick | IP: ::1 | CARGA_PISO | Solicitando equipos del piso 3
[2025-10-03 05:05:03] [INFO] Usuario: WilliamsWick | IP: ::1 | CARGA_PISO_EXITOSA | Piso 3: 7 equipos cargados. Conectados: 1, Desconectados: 6
[2025-10-03 05:07:20] [INFO] Usuario: WilliamsWick | IP: ::1 | CARGA_PISO | Solicitando equipos del piso 3
[2025-10-03 05:07:20] [INFO] Usuario: WilliamsWick | IP: ::1 | CARGA_PISO_EXITOSA | Piso 3: 7 equipos cargados. Conectados: 0, Desconectados: 7
[2025-10-03 05:18:49] [INFO] Usuario: WilliamsWick | IP: ::1 | CARGA_PISO | Solicitando equipos del piso 3
[2025-10-03 05:18:49] [INFO] Usuario: WilliamsWick | IP: ::1 | CARGA_PISO_EXITOSA | Piso 3: 7 equipos cargados. Conectados: 0, Desconectados: 7
[2025-10-03 05:18:54] [INFO] Usuario: WilliamsWick | IP: ::1 | CARGA_PISO | Solicitando equipos del piso 1
[2025-10-03 05:18:54] [INFO] Usuario: WilliamsWick | IP: ::1 | CARGA_PISO_EXITOSA | Piso 1: 7 equipos cargados. Conectados: 0, Desconectados: 7
[2025-10-03 05:20:42] [INFO] Usuario: WilliamsWick | IP: ::1 | CARGA_PISO | Solicitando equipos del piso 1
[2025-10-03 05:20:42] [INFO] Usuario: WilliamsWick | IP: ::1 | CARGA_PISO_EXITOSA | Piso 1: 8 equipos cargados. Conectados: 1, Desconectados: 7
[2025-10-03 05:22:33] [INFO] Usuario: WilliamsWick | IP: ::1 | CARGA_PISO | Solicitando equipos del piso 1
[2025-10-03 05:22:33] [INFO] Usuario: WilliamsWick | IP: ::1 | CARGA_PISO_EXITOSA | Piso 1: 9 equipos cargados. Conectados: 1, Desconectados: 8
[2025-10-03 05:29:16] [INFO] Usuario: WilliamsWick | IP: ::1 | CARGA_PISO | Solicitando equipos del piso 1
[2025-10-03 05:29:16] [INFO] Usuario: WilliamsWick | IP: ::1 | CARGA_PISO_EXITOSA | Piso 1: 10 equipos cargados. Conectados: 1, Desconectados: 9
[2025-10-03 05:32:44] [INFO] Usuario: WilliamsWick | IP: ::1 | CARGA_PISO | Solicitando equipos del piso 2
[2025-10-03 05:32:45] [INFO] Usuario: WilliamsWick | IP: ::1 | CARGA_PISO_EXITOSA | Piso 2: 6 equipos cargados. Conectados: 0, Desconectados: 6
[2025-10-03 05:32:48] [INFO] Usuario: WilliamsWick | IP: ::1 | CARGA_PISO | Solicitando equipos del piso 3
[2025-10-03 05:32:48] [INFO] Usuario: WilliamsWick | IP: ::1 | CARGA_PISO_EXITOSA | Piso 3: 7 equipos cargados. Conectados: 0, Desconectados: 7
[2025-10-03 05:32:53] [INFO] Usuario: WilliamsWick | IP: ::1 | CARGA_PISO | Solicitando equipos del piso 2
[2025-10-03 05:32:53] [INFO] Usuario: WilliamsWick | IP: ::1 | CARGA_PISO_EXITOSA | Piso 2: 6 equipos cargados. Conectados: 0, Desconectados: 6
[2025-10-03 05:32:57] [INFO] Usuario: WilliamsWick | IP: ::1 | CARGA_PISO | Solicitando equipos del piso 1
[2025-10-03 05:32:57] [INFO] Usuario: WilliamsWick | IP: ::1 | CARGA_PISO_EXITOSA | Piso 1: 10 equipos cargados. Conectados: 0, Desconectados: 10
[2025-10-03 15:52:25] [INFO] Usuario: WilliamsWick | IP: ::1 | CARGA_PISO | Solicitando equipos del piso 2
[2025-10-03 15:52:25] [INFO] Usuario: WilliamsWick | IP: ::1 | CARGA_PISO_EXITOSA | Piso 2: 6 equipos cargados. Conectados: 0, Desconectados: 6
[2025-10-03 15:52:26] [INFO] Usuario: WilliamsWick | IP: ::1 | CARGA_PISO | Solicitando equipos del piso 1
[2025-10-03 15:52:26] [INFO] Usuario: WilliamsWick | IP: ::1 | CARGA_PISO_EXITOSA | Piso 1: 10 equipos cargados. Conectados: 0, Desconectados: 10
[2025-10-03 15:52:43] [INFO] Usuario: WilliamsWick | IP: ::1 | CARGA_PISO | Solicitando equipos del piso 2
[2025-10-03 15:52:43] [INFO] Usuario: WilliamsWick | IP: ::1 | CARGA_PISO_EXITOSA | Piso 2: 6 equipos cargados. Conectados: 0, Desconectados: 6
[2025-10-03 15:52:44] [INFO] Usuario: WilliamsWick | IP: ::1 | CARGA_PISO | Solicitando equipos del piso 1
[2025-10-03 15:52:44] [INFO] Usuario: WilliamsWick | IP: ::1 | CARGA_PISO_EXITOSA | Piso 1: 10 equipos cargados. Conectados: 0, Desconectados: 10
[2025-10-03 15:54:41] [INFO] Usuario: WilliamsWick | IP: ::1 | CARGA_PISO | Solicitando equipos del piso 2
[2025-10-03 15:54:41] [INFO] Usuario: WilliamsWick | IP: ::1 | CARGA_PISO_EXITOSA | Piso 2: 6 equipos cargados. Conectados: 6, Desconectados: 0
[2025-10-03 15:54:44] [INFO] Usuario: WilliamsWick | IP: ::1 | CARGA_PISO | Solicitando equipos del piso 3
[2025-10-03 15:54:44] [INFO] Usuario: WilliamsWick | IP: ::1 | CARGA_PISO_EXITOSA | Piso 3: 7 equipos cargados. Conectados: 7, Desconectados: 0
[2025-10-03 15:54:47] [INFO] Usuario: WilliamsWick | IP: ::1 | CARGA_PISO | Solicitando equipos del piso 1
[2025-10-03 15:54:47] [INFO] Usuario: WilliamsWick | IP: ::1 | CARGA_PISO_EXITOSA | Piso 1: 10 equipos cargados. Conectados: 9, Desconectados: 1
[2025-10-03 15:57:40] [INFO] Usuario: WilliamsWick | IP: ::1 | CARGA_PISO | Solicitando equipos del piso 2
[2025-10-03 15:57:40] [INFO] Usuario: WilliamsWick | IP: ::1 | CARGA_PISO_EXITOSA | Piso 2: 6 equipos cargados. Conectados: 6, Desconectados: 0
[2025-10-03 15:57:56] [INFO] Usuario: WilliamsWick | IP: ::1 | CARGA_PISO | Solicitando equipos del piso 1
[2025-10-03 15:57:56] [INFO] Usuario: WilliamsWick | IP: ::1 | CARGA_PISO_EXITOSA | Piso 1: 10 equipos cargados. Conectados: 9, Desconectados: 1
[2025-10-05 00:16:35] [INFO] Usuario: WilliamsWick | IP: ::1 | CARGA_PISO | Solicitando equipos del piso 1
[2025-10-05 00:16:35] [INFO] Usuario: WilliamsWick | IP: ::1 | CARGA_PISO_EXITOSA | Piso 1: 11 equipos cargados. Conectados: 2, Desconectados: 9
[2025-10-06 15:27:14] [INFO] Usuario: WilliamsWick | IP: ::1 | CARGA_PISO | Solicitando equipos del piso 2
[2025-10-06 15:27:14] [INFO] Usuario: WilliamsWick | IP: ::1 | CARGA_PISO_EXITOSA | Piso 2: 6 equipos cargados. Conectados: 5, Desconectados: 1
[2025-10-06 15:29:28] [INFO] Usuario: WilliamsWick | IP: ::1 | CARGA_PISO | Solicitando equipos del piso 1
[2025-10-06 15:29:28] [INFO] Usuario: WilliamsWick | IP: ::1 | CARGA_PISO_EXITOSA | Piso 1: 11 equipos cargados. Conectados: 9, Desconectados: 2
[2025-10-06 19:48:29] [INFO] Usuario: WilliamsWick | IP: ::1 | CARGA_PISO | Solicitando equipos del piso 1
[2025-10-06 19:48:29] [INFO] Usuario: WilliamsWick | IP: ::1 | CARGA_PISO_EXITOSA | Piso 1: 11 equipos cargados. Conectados: 9, Desconectados: 2
[2025-10-06 19:50:06] [INFO] Usuario: WilliamsWick | IP: ::1 | CARGA_PISO | Solicitando equipos del piso 1
[2025-10-06 19:50:06] [INFO] Usuario: WilliamsWick | IP: ::1 | CARGA_PISO_EXITOSA | Piso 1: 11 equipos cargados. Conectados: 9, Desconectados: 2
[2025-10-06 19:51:15] [INFO] Usuario: WilliamsWick | IP: ::1 | CARGA_PISO | Solicitando equipos del piso 1
[2025-10-06 19:51:15] [INFO] Usuario: WilliamsWick | IP: ::1 | CARGA_PISO_EXITOSA | Piso 1: 11 equipos cargados. Conectados: 9, Desconectados: 2
